2020-08-12 13:13:51,528 - INFO - Beginning execution of dms2_bcsubamp in directory /fh/fast/bloom_j/computational_notebooks/adingens/2019/Vacc_Rabbit_Sera_MAP/FinalAnalysis/Vacc_Rabbit_Sera_MAP

2020-08-12 13:13:51,528 - INFO - Progress is being logged to results/codoncounts/mut-virus-rep2e-2425-Wk18-d30.log
2020-08-12 13:13:51,531 - INFO - Version information:
	Time and date: Wed Aug 12 13:13:51 2020
	Platform: Linux-4.15.0-101-generic-x86_64-with-debian-buster-sid
	Python version: 3.6.7 | packaged by conda-forge | (default, Jul  2 2019, 02:18:42)  [GCC 7.3.0]
	dms_tools2 version: 2.6.6
	Bio version: 1.74
	pandas version: 0.25.3
	numpy version: 1.17.0
	IPython version: 7.12.0
	jupyter version unknown
	matplotlib version: 3.2.1
	plotnine version: 0.6.0
	natsort version: 6.0.0
	pystan version: 2.19.0.0
	scipy version: 1.4.1
	seaborn version: 0.9.0
	phydmslib version: 2.3.8
	statsmodels version: 0.10.1
	rpy2 version: 3.1.0
	regex version: 2.5.64
	umi_tools version: 1.0.0

2020-08-12 13:13:51,531 - INFO - Parsed the following arguments:
	outdir = results/codoncounts
	ncpus = -1
	use_existing = yes
	refseq = data/BG505.W6.C2.T332N_env.fasta
	alignspecs = ['87,375,39,36', '376,666,36,39', '663,954,33,41', '955,1228,33,37', '1228,1527,34,35', '1527,1815,32,39', '1816,2098,36,41']
	bclen = 8
	fastqdir = results/FASTQ_files
	R2 = None
	R1trim = [200]
	R2trim = [170]
	bclen2 = None
	chartype = codon
	maxmuts = 4
	minq = 15
	minreads = 2
	minfraccall = 0.95
	minconcur = 0.75
	sitemask = None
	purgeread = 0.0
	purgebc = 0.0
	bcinfo = True
	bcinfo_csv = True
	name = mut-virus-rep2e-2425-Wk18-d30
	R1 = ['mut-virus-rep2e-2425-Wk18-d30_R1.fastq.gz']

2020-08-12 13:13:51,544 - INFO - Read refseq of 2583 codons from data/BG505.W6.C2.T332N_env.fasta
2020-08-12 13:13:51,547 - INFO - Reads are in these FASTQ pairs:
	results/FASTQ_files/mut-virus-rep2e-2425-Wk18-d30_R1.fastq.gz and results/FASTQ_files/mut-virus-rep2e-2425-Wk18-d30_R2.fastq.gz

2020-08-12 13:13:51,547 - INFO - Now parsing read pairs...
2020-08-12 13:13:59,908 - INFO - Reads parsed so far: 500000
2020-08-12 13:14:06,368 - INFO - Reads parsed so far: 1000000
2020-08-12 13:14:13,135 - INFO - Reads parsed so far: 1500000
2020-08-12 13:14:18,700 - INFO - Reads parsed so far: 2000000
2020-08-12 13:14:25,223 - INFO - Reads parsed so far: 2500000
2020-08-12 13:14:30,998 - INFO - Reads parsed so far: 3000000
2020-08-12 13:14:36,836 - INFO - Reads parsed so far: 3500000
2020-08-12 13:14:38,803 - INFO - Parsed 3666598 reads, found 1411983 unique barcodes.
2020-08-12 13:14:38,809 - INFO - Summary stats on reads:
   total  fail filter  low Q barcode
 3666598            0         226141
2020-08-12 13:14:38,809 - INFO - Writing these stats to results/codoncounts/mut-virus-rep2e-2425-Wk18-d30_readstats.csv

2020-08-12 13:14:39,179 - INFO - Number of reads per barcode:
                 number of barcodes
number of reads                    
1                            488547
2                            352311
3                            268736
4                            162161
5                             82176
6                             36150
7                             14307
8                              5039
9                              1769
10                              525
11                              180
12                               51
13                               21
14                                6
15                                3
30                                1
2020-08-12 13:14:39,179 - INFO - Writing these stats to results/codoncounts/mut-virus-rep2e-2425-Wk18-d30_readsperbc.csv

2020-08-12 13:14:39,183 - INFO - Examining the 1411983 barcodes to build and align subamplicons...
2020-08-12 13:14:55,159 - INFO - Barcodes examined so far: 200000
2020-08-12 13:15:10,737 - INFO - Barcodes examined so far: 400000
2020-08-12 13:15:25,666 - INFO - Barcodes examined so far: 600000
2020-08-12 13:15:39,507 - INFO - Barcodes examined so far: 800000
2020-08-12 13:15:52,056 - INFO - Barcodes examined so far: 1000000
2020-08-12 13:16:02,522 - INFO - Barcodes examined so far: 1200000
2020-08-12 13:16:08,797 - INFO - Barcodes examined so far: 1400000
2020-08-12 13:16:08,951 - INFO - Examined all barcodes. Summary stats:
   total  too few reads  not alignable  aligned
 1411983         488547          81609   841827
2020-08-12 13:16:08,951 - INFO - Writing these stats to results/codoncounts/mut-virus-rep2e-2425-Wk18-d30_bcstats.csv

2020-08-12 13:16:08,975 - INFO - Writing the counts of each codon identity at each site to results/codoncounts/mut-virus-rep2e-2425-Wk18-d30_codoncounts.csv

2020-08-12 13:16:09,021 - INFO - Successful completion of dms2_bcsubamp
