2020-08-12 13:13:49,914 - INFO - Beginning execution of dms2_bcsubamp in directory /fh/fast/bloom_j/computational_notebooks/adingens/2019/Vacc_Rabbit_Sera_MAP/FinalAnalysis/Vacc_Rabbit_Sera_MAP

2020-08-12 13:13:49,914 - INFO - Progress is being logged to results/codoncounts/mut-virus-rep2e-2425-Wk0-d30.log
2020-08-12 13:13:49,932 - INFO - Version information:
	Time and date: Wed Aug 12 13:13:49 2020
	Platform: Linux-4.15.0-101-generic-x86_64-with-debian-buster-sid
	Python version: 3.6.7 | packaged by conda-forge | (default, Jul  2 2019, 02:18:42)  [GCC 7.3.0]
	dms_tools2 version: 2.6.6
	Bio version: 1.74
	pandas version: 0.25.3
	numpy version: 1.17.0
	IPython version: 7.12.0
	jupyter version unknown
	matplotlib version: 3.2.1
	plotnine version: 0.6.0
	natsort version: 6.0.0
	pystan version: 2.19.0.0
	scipy version: 1.4.1
	seaborn version: 0.9.0
	phydmslib version: 2.3.8
	statsmodels version: 0.10.1
	rpy2 version: 3.1.0
	regex version: 2.5.64
	umi_tools version: 1.0.0

2020-08-12 13:13:49,932 - INFO - Parsed the following arguments:
	outdir = results/codoncounts
	ncpus = -1
	use_existing = yes
	refseq = data/BG505.W6.C2.T332N_env.fasta
	alignspecs = ['87,375,39,36', '376,666,36,39', '663,954,33,41', '955,1228,33,37', '1228,1527,34,35', '1527,1815,32,39', '1816,2098,36,41']
	bclen = 8
	fastqdir = results/FASTQ_files
	R2 = None
	R1trim = [200]
	R2trim = [170]
	bclen2 = None
	chartype = codon
	maxmuts = 4
	minq = 15
	minreads = 2
	minfraccall = 0.95
	minconcur = 0.75
	sitemask = None
	purgeread = 0.0
	purgebc = 0.0
	bcinfo = True
	bcinfo_csv = True
	name = mut-virus-rep2e-2425-Wk0-d30
	R1 = ['mut-virus-rep2e-2425-Wk0-d30_R1.fastq.gz']

2020-08-12 13:13:49,955 - INFO - Read refseq of 2583 codons from data/BG505.W6.C2.T332N_env.fasta
2020-08-12 13:13:49,956 - INFO - Reads are in these FASTQ pairs:
	results/FASTQ_files/mut-virus-rep2e-2425-Wk0-d30_R1.fastq.gz and results/FASTQ_files/mut-virus-rep2e-2425-Wk0-d30_R2.fastq.gz

2020-08-12 13:13:49,956 - INFO - Now parsing read pairs...
2020-08-12 13:13:56,883 - INFO - Reads parsed so far: 500000
2020-08-12 13:14:03,439 - INFO - Reads parsed so far: 1000000
2020-08-12 13:14:10,390 - INFO - Reads parsed so far: 1500000
2020-08-12 13:14:16,342 - INFO - Reads parsed so far: 2000000
2020-08-12 13:14:23,126 - INFO - Reads parsed so far: 2500000
2020-08-12 13:14:28,975 - INFO - Reads parsed so far: 3000000
2020-08-12 13:14:35,913 - INFO - Reads parsed so far: 3500000
2020-08-12 13:14:41,683 - INFO - Reads parsed so far: 4000000
2020-08-12 13:14:47,386 - INFO - Reads parsed so far: 4500000
2020-08-12 13:14:51,717 - INFO - Parsed 4872858 reads, found 1666082 unique barcodes.
2020-08-12 13:14:51,722 - INFO - Summary stats on reads:
   total  fail filter  low Q barcode
 4872858            0         362171
2020-08-12 13:14:51,722 - INFO - Writing these stats to results/codoncounts/mut-virus-rep2e-2425-Wk0-d30_readstats.csv

2020-08-12 13:14:52,125 - INFO - Number of reads per barcode:
                 number of barcodes
number of reads                    
1                            516341
2                            366263
3                            316059
4                            220929
5                            130276
6                             66195
7                             30270
8                             12372
9                              4700
10                             1747
11                              606
12                              208
13                               75
14                               23
15                               10
16                                6
17                                1
19                                1
2020-08-12 13:14:52,125 - INFO - Writing these stats to results/codoncounts/mut-virus-rep2e-2425-Wk0-d30_readsperbc.csv

2020-08-12 13:14:52,130 - INFO - Examining the 1666082 barcodes to build and align subamplicons...
2020-08-12 13:15:08,858 - INFO - Barcodes examined so far: 200000
2020-08-12 13:15:24,974 - INFO - Barcodes examined so far: 400000
2020-08-12 13:15:40,481 - INFO - Barcodes examined so far: 600000
2020-08-12 13:15:55,475 - INFO - Barcodes examined so far: 800000
2020-08-12 13:16:09,632 - INFO - Barcodes examined so far: 1000000
2020-08-12 13:16:22,688 - INFO - Barcodes examined so far: 1200000
2020-08-12 13:16:34,470 - INFO - Barcodes examined so far: 1400000
2020-08-12 13:16:42,235 - INFO - Barcodes examined so far: 1600000
2020-08-12 13:16:43,404 - INFO - Examined all barcodes. Summary stats:
   total  too few reads  not alignable  aligned
 1666082         516341          99264  1050477
2020-08-12 13:16:43,404 - INFO - Writing these stats to results/codoncounts/mut-virus-rep2e-2425-Wk0-d30_bcstats.csv

2020-08-12 13:16:43,423 - INFO - Writing the counts of each codon identity at each site to results/codoncounts/mut-virus-rep2e-2425-Wk0-d30_codoncounts.csv

2020-08-12 13:16:43,469 - INFO - Successful completion of dms2_bcsubamp
