2020-08-12 13:11:10,511 - INFO - Beginning execution of dms2_bcsubamp in directory /fh/fast/bloom_j/computational_notebooks/adingens/2019/Vacc_Rabbit_Sera_MAP/FinalAnalysis/Vacc_Rabbit_Sera_MAP

2020-08-12 13:11:10,511 - INFO - Progress is being logged to results/codoncounts/mut-DNA-rep1.log
2020-08-12 13:11:10,514 - INFO - Version information:
	Time and date: Wed Aug 12 13:11:10 2020
	Platform: Linux-4.15.0-101-generic-x86_64-with-debian-buster-sid
	Python version: 3.6.7 | packaged by conda-forge | (default, Jul  2 2019, 02:18:42)  [GCC 7.3.0]
	dms_tools2 version: 2.6.6
	Bio version: 1.74
	pandas version: 0.25.3
	numpy version: 1.17.0
	IPython version: 7.12.0
	jupyter version unknown
	matplotlib version: 3.2.1
	plotnine version: 0.6.0
	natsort version: 6.0.0
	pystan version: 2.19.0.0
	scipy version: 1.4.1
	seaborn version: 0.9.0
	phydmslib version: 2.3.8
	statsmodels version: 0.10.1
	rpy2 version: 3.1.0
	regex version: 2.5.64
	umi_tools version: 1.0.0

2020-08-12 13:11:10,514 - INFO - Parsed the following arguments:
	outdir = results/codoncounts
	ncpus = -1
	use_existing = yes
	refseq = data/BG505.W6.C2.T332N_env.fasta
	alignspecs = ['87,375,39,36', '376,666,36,39', '663,954,33,41', '955,1228,33,37', '1228,1527,34,35', '1527,1815,32,39', '1816,2098,36,41']
	bclen = 8
	fastqdir = results/FASTQ_files
	R2 = None
	R1trim = [200]
	R2trim = [170]
	bclen2 = None
	chartype = codon
	maxmuts = 4
	minq = 15
	minreads = 2
	minfraccall = 0.95
	minconcur = 0.75
	sitemask = None
	purgeread = 0.0
	purgebc = 0.0
	bcinfo = True
	bcinfo_csv = True
	name = mut-DNA-rep1
	R1 = ['mut-DNA-rep1_R1.fastq.gz']

2020-08-12 13:11:10,538 - INFO - Read refseq of 2583 codons from data/BG505.W6.C2.T332N_env.fasta
2020-08-12 13:11:10,539 - INFO - Reads are in these FASTQ pairs:
	results/FASTQ_files/mut-DNA-rep1_R1.fastq.gz and results/FASTQ_files/mut-DNA-rep1_R2.fastq.gz

2020-08-12 13:11:10,539 - INFO - Now parsing read pairs...
2020-08-12 13:11:18,229 - INFO - Reads parsed so far: 500000
2020-08-12 13:11:24,846 - INFO - Reads parsed so far: 1000000
2020-08-12 13:11:31,644 - INFO - Reads parsed so far: 1500000
2020-08-12 13:11:38,389 - INFO - Reads parsed so far: 2000000
2020-08-12 13:11:45,019 - INFO - Reads parsed so far: 2500000
2020-08-12 13:11:51,965 - INFO - Reads parsed so far: 3000000
2020-08-12 13:11:57,603 - INFO - Reads parsed so far: 3500000
2020-08-12 13:12:05,280 - INFO - Reads parsed so far: 4000000
2020-08-12 13:12:10,849 - INFO - Reads parsed so far: 4500000
2020-08-12 13:12:16,505 - INFO - Reads parsed so far: 5000000
2020-08-12 13:12:24,145 - INFO - Reads parsed so far: 5500000
2020-08-12 13:12:29,670 - INFO - Reads parsed so far: 6000000
2020-08-12 13:12:35,246 - INFO - Reads parsed so far: 6500000
2020-08-12 13:12:43,806 - INFO - Reads parsed so far: 7000000
2020-08-12 13:12:49,415 - INFO - Reads parsed so far: 7500000
2020-08-12 13:12:55,092 - INFO - Reads parsed so far: 8000000
2020-08-12 13:13:00,707 - INFO - Reads parsed so far: 8500000
2020-08-12 13:13:06,677 - INFO - Reads parsed so far: 9000000
2020-08-12 13:13:16,137 - INFO - Reads parsed so far: 9500000
2020-08-12 13:13:21,990 - INFO - Reads parsed so far: 10000000
2020-08-12 13:13:28,040 - INFO - Reads parsed so far: 10500000
2020-08-12 13:13:34,440 - INFO - Reads parsed so far: 11000000
2020-08-12 13:13:40,368 - INFO - Reads parsed so far: 11500000
2020-08-12 13:13:46,534 - INFO - Reads parsed so far: 12000000
2020-08-12 13:13:52,453 - INFO - Reads parsed so far: 12500000
2020-08-12 13:14:03,251 - INFO - Reads parsed so far: 13000000
2020-08-12 13:14:08,980 - INFO - Reads parsed so far: 13500000
2020-08-12 13:14:14,824 - INFO - Reads parsed so far: 14000000
2020-08-12 13:14:20,721 - INFO - Reads parsed so far: 14500000
2020-08-12 13:14:26,584 - INFO - Reads parsed so far: 15000000
2020-08-12 13:14:32,345 - INFO - Reads parsed so far: 15500000
2020-08-12 13:14:38,151 - INFO - Reads parsed so far: 16000000
2020-08-12 13:14:43,998 - INFO - Reads parsed so far: 16500000
2020-08-12 13:14:46,027 - INFO - Parsed 16676177 reads, found 8671374 unique barcodes.
2020-08-12 13:14:46,032 - INFO - Summary stats on reads:
    total  fail filter  low Q barcode
 16676177            0        1761060
2020-08-12 13:14:46,032 - INFO - Writing these stats to results/codoncounts/mut-DNA-rep1_readstats.csv

2020-08-12 13:14:48,086 - INFO - Number of reads per barcode:
                 number of barcodes
number of reads                    
1                           5251027
2                           1719984
3                            975703
4                            454260
5                            180326
6                             62765
7                             19605
8                              5631
9                              1538
10                              398
11                              102
12                               23
13                                9
14                                2
105                               1
2020-08-12 13:14:48,086 - INFO - Writing these stats to results/codoncounts/mut-DNA-rep1_readsperbc.csv

2020-08-12 13:14:48,099 - INFO - Examining the 8671374 barcodes to build and align subamplicons...
2020-08-12 13:15:01,770 - INFO - Barcodes examined so far: 200000
2020-08-12 13:15:15,007 - INFO - Barcodes examined so far: 400000
2020-08-12 13:15:27,561 - INFO - Barcodes examined so far: 600000
2020-08-12 13:15:39,867 - INFO - Barcodes examined so far: 800000
2020-08-12 13:15:52,008 - INFO - Barcodes examined so far: 1000000
2020-08-12 13:16:03,952 - INFO - Barcodes examined so far: 1200000
2020-08-12 13:16:15,739 - INFO - Barcodes examined so far: 1400000
2020-08-12 13:16:27,193 - INFO - Barcodes examined so far: 1600000
2020-08-12 13:16:38,625 - INFO - Barcodes examined so far: 1800000
2020-08-12 13:16:50,132 - INFO - Barcodes examined so far: 2000000
2020-08-12 13:17:01,443 - INFO - Barcodes examined so far: 2200000
2020-08-12 13:17:12,618 - INFO - Barcodes examined so far: 2400000
2020-08-12 13:17:23,480 - INFO - Barcodes examined so far: 2600000
2020-08-12 13:17:34,156 - INFO - Barcodes examined so far: 2800000
2020-08-12 13:17:44,523 - INFO - Barcodes examined so far: 3000000
2020-08-12 13:17:54,785 - INFO - Barcodes examined so far: 3200000
2020-08-12 13:18:05,045 - INFO - Barcodes examined so far: 3400000
2020-08-12 13:18:15,135 - INFO - Barcodes examined so far: 3600000
2020-08-12 13:18:24,961 - INFO - Barcodes examined so far: 3800000
2020-08-12 13:18:34,947 - INFO - Barcodes examined so far: 4000000
2020-08-12 13:18:44,635 - INFO - Barcodes examined so far: 4200000
2020-08-12 13:18:53,798 - INFO - Barcodes examined so far: 4400000
2020-08-12 13:19:02,826 - INFO - Barcodes examined so far: 4600000
2020-08-12 13:19:12,034 - INFO - Barcodes examined so far: 4800000
2020-08-12 13:19:20,703 - INFO - Barcodes examined so far: 5000000
2020-08-12 13:19:29,854 - INFO - Barcodes examined so far: 5200000
2020-08-12 13:19:39,587 - INFO - Barcodes examined so far: 5400000
2020-08-12 13:19:48,454 - INFO - Barcodes examined so far: 5600000
2020-08-12 13:19:56,191 - INFO - Barcodes examined so far: 5800000
2020-08-12 13:20:04,050 - INFO - Barcodes examined so far: 6000000
2020-08-12 13:20:11,101 - INFO - Barcodes examined so far: 6200000
2020-08-12 13:20:17,645 - INFO - Barcodes examined so far: 6400000
2020-08-12 13:20:23,825 - INFO - Barcodes examined so far: 6600000
2020-08-12 13:20:29,920 - INFO - Barcodes examined so far: 6800000
2020-08-12 13:20:35,394 - INFO - Barcodes examined so far: 7000000
2020-08-12 13:20:40,506 - INFO - Barcodes examined so far: 7200000
2020-08-12 13:20:45,590 - INFO - Barcodes examined so far: 7400000
2020-08-12 13:20:50,155 - INFO - Barcodes examined so far: 7600000
2020-08-12 13:20:54,502 - INFO - Barcodes examined so far: 7800000
2020-08-12 13:20:58,361 - INFO - Barcodes examined so far: 8000000
2020-08-12 13:21:01,726 - INFO - Barcodes examined so far: 8200000
2020-08-12 13:21:04,707 - INFO - Barcodes examined so far: 8400000
2020-08-12 13:21:07,167 - INFO - Barcodes examined so far: 8600000
2020-08-12 13:21:07,919 - INFO - Examined all barcodes. Summary stats:
   total  too few reads  not alignable  aligned
 8671374        5251027        1349216  2071131
2020-08-12 13:21:07,920 - INFO - Writing these stats to results/codoncounts/mut-DNA-rep1_bcstats.csv

2020-08-12 13:21:07,942 - INFO - Writing the counts of each codon identity at each site to results/codoncounts/mut-DNA-rep1_codoncounts.csv

2020-08-12 13:21:07,989 - INFO - Successful completion of dms2_bcsubamp
