2020-08-12 13:11:10,412 - INFO - Beginning execution of dms2_bcsubamp in directory /fh/fast/bloom_j/computational_notebooks/adingens/2019/Vacc_Rabbit_Sera_MAP/FinalAnalysis/Vacc_Rabbit_Sera_MAP

2020-08-12 13:11:10,412 - INFO - Progress is being logged to results/codoncounts/mut-virus-rep2e-2214-Wk0-d10.log
2020-08-12 13:11:10,416 - INFO - Version information:
	Time and date: Wed Aug 12 13:11:10 2020
	Platform: Linux-4.15.0-101-generic-x86_64-with-debian-buster-sid
	Python version: 3.6.7 | packaged by conda-forge | (default, Jul  2 2019, 02:18:42)  [GCC 7.3.0]
	dms_tools2 version: 2.6.6
	Bio version: 1.74
	pandas version: 0.25.3
	numpy version: 1.17.0
	IPython version: 7.12.0
	jupyter version unknown
	matplotlib version: 3.2.1
	plotnine version: 0.6.0
	natsort version: 6.0.0
	pystan version: 2.19.0.0
	scipy version: 1.4.1
	seaborn version: 0.9.0
	phydmslib version: 2.3.8
	statsmodels version: 0.10.1
	rpy2 version: 3.1.0
	regex version: 2.5.64
	umi_tools version: 1.0.0

2020-08-12 13:11:10,417 - INFO - Parsed the following arguments:
	outdir = results/codoncounts
	ncpus = -1
	use_existing = yes
	refseq = data/BG505.W6.C2.T332N_env.fasta
	alignspecs = ['87,375,39,36', '376,666,36,39', '663,954,33,41', '955,1228,33,37', '1228,1527,34,35', '1527,1815,32,39', '1816,2098,36,41']
	bclen = 8
	fastqdir = results/FASTQ_files
	R2 = None
	R1trim = [200]
	R2trim = [170]
	bclen2 = None
	chartype = codon
	maxmuts = 4
	minq = 15
	minreads = 2
	minfraccall = 0.95
	minconcur = 0.75
	sitemask = None
	purgeread = 0.0
	purgebc = 0.0
	bcinfo = True
	bcinfo_csv = True
	name = mut-virus-rep2e-2214-Wk0-d10
	R1 = ['mut-virus-rep2e-2214-Wk0-d10_R1.fastq.gz']

2020-08-12 13:11:10,430 - INFO - Read refseq of 2583 codons from data/BG505.W6.C2.T332N_env.fasta
2020-08-12 13:11:10,431 - INFO - Reads are in these FASTQ pairs:
	results/FASTQ_files/mut-virus-rep2e-2214-Wk0-d10_R1.fastq.gz and results/FASTQ_files/mut-virus-rep2e-2214-Wk0-d10_R2.fastq.gz

2020-08-12 13:11:10,431 - INFO - Now parsing read pairs...
2020-08-12 13:11:17,795 - INFO - Reads parsed so far: 500000
2020-08-12 13:11:24,206 - INFO - Reads parsed so far: 1000000
2020-08-12 13:11:30,903 - INFO - Reads parsed so far: 1500000
2020-08-12 13:11:36,356 - INFO - Reads parsed so far: 2000000
2020-08-12 13:11:43,466 - INFO - Reads parsed so far: 2500000
2020-08-12 13:11:49,335 - INFO - Reads parsed so far: 3000000
2020-08-12 13:11:55,778 - INFO - Reads parsed so far: 3500000
2020-08-12 13:12:02,305 - INFO - Reads parsed so far: 4000000
2020-08-12 13:12:05,228 - INFO - Parsed 4254527 reads, found 1455431 unique barcodes.
2020-08-12 13:12:05,238 - INFO - Summary stats on reads:
   total  fail filter  low Q barcode
 4254527            0         270048
2020-08-12 13:12:05,238 - INFO - Writing these stats to results/codoncounts/mut-virus-rep2e-2214-Wk0-d10_readstats.csv

2020-08-12 13:12:05,606 - INFO - Number of reads per barcode:
                 number of barcodes
number of reads                    
1                            432127
2                            323878
3                            282771
4                            198479
5                            116072
6                             58872
7                             26399
8                             10732
9                              3994
10                             1363
11                              491
12                              178
13                               52
14                               15
15                                4
16                                1
17                                3
2020-08-12 13:12:05,606 - INFO - Writing these stats to results/codoncounts/mut-virus-rep2e-2214-Wk0-d10_readsperbc.csv

2020-08-12 13:12:05,614 - INFO - Examining the 1455431 barcodes to build and align subamplicons...
2020-08-12 13:12:23,744 - INFO - Barcodes examined so far: 200000
2020-08-12 13:12:41,008 - INFO - Barcodes examined so far: 400000
2020-08-12 13:12:57,208 - INFO - Barcodes examined so far: 600000
2020-08-12 13:13:13,029 - INFO - Barcodes examined so far: 800000
2020-08-12 13:13:27,851 - INFO - Barcodes examined so far: 1000000
2020-08-12 13:13:40,300 - INFO - Barcodes examined so far: 1200000
2020-08-12 13:13:48,914 - INFO - Barcodes examined so far: 1400000
2020-08-12 13:13:49,985 - INFO - Examined all barcodes. Summary stats:
   total  too few reads  not alignable  aligned
 1455431         432127          86225   937079
2020-08-12 13:13:49,985 - INFO - Writing these stats to results/codoncounts/mut-virus-rep2e-2214-Wk0-d10_bcstats.csv

2020-08-12 13:13:50,006 - INFO - Writing the counts of each codon identity at each site to results/codoncounts/mut-virus-rep2e-2214-Wk0-d10_codoncounts.csv

2020-08-12 13:13:50,088 - INFO - Successful completion of dms2_bcsubamp
