2020-08-12 13:11:10,281 - INFO - Beginning execution of dms2_bcsubamp in directory /fh/fast/bloom_j/computational_notebooks/adingens/2019/Vacc_Rabbit_Sera_MAP/FinalAnalysis/Vacc_Rabbit_Sera_MAP

2020-08-12 13:11:10,281 - INFO - Progress is being logged to results/codoncounts/mut-DNA-rep3.log
2020-08-12 13:11:10,286 - INFO - Version information:
	Time and date: Wed Aug 12 13:11:10 2020
	Platform: Linux-4.15.0-101-generic-x86_64-with-debian-buster-sid
	Python version: 3.6.7 | packaged by conda-forge | (default, Jul  2 2019, 02:18:42)  [GCC 7.3.0]
	dms_tools2 version: 2.6.6
	Bio version: 1.74
	pandas version: 0.25.3
	numpy version: 1.17.0
	IPython version: 7.12.0
	jupyter version unknown
	matplotlib version: 3.2.1
	plotnine version: 0.6.0
	natsort version: 6.0.0
	pystan version: 2.19.0.0
	scipy version: 1.4.1
	seaborn version: 0.9.0
	phydmslib version: 2.3.8
	statsmodels version: 0.10.1
	rpy2 version: 3.1.0
	regex version: 2.5.64
	umi_tools version: 1.0.0

2020-08-12 13:11:10,286 - INFO - Parsed the following arguments:
	outdir = results/codoncounts
	ncpus = -1
	use_existing = yes
	refseq = data/BG505.W6.C2.T332N_env.fasta
	alignspecs = ['87,375,39,36', '376,666,36,39', '663,954,33,41', '955,1228,33,37', '1228,1527,34,35', '1527,1815,32,39', '1816,2098,36,41']
	bclen = 8
	fastqdir = results/FASTQ_files
	R2 = None
	R1trim = [200]
	R2trim = [170]
	bclen2 = None
	chartype = codon
	maxmuts = 4
	minq = 15
	minreads = 2
	minfraccall = 0.95
	minconcur = 0.75
	sitemask = None
	purgeread = 0.0
	purgebc = 0.0
	bcinfo = True
	bcinfo_csv = True
	name = mut-DNA-rep3
	R1 = ['mut-DNA-rep3_R1.fastq.gz']

2020-08-12 13:11:10,397 - INFO - Read refseq of 2583 codons from data/BG505.W6.C2.T332N_env.fasta
2020-08-12 13:11:10,398 - INFO - Reads are in these FASTQ pairs:
	results/FASTQ_files/mut-DNA-rep3_R1.fastq.gz and results/FASTQ_files/mut-DNA-rep3_R2.fastq.gz

2020-08-12 13:11:10,398 - INFO - Now parsing read pairs...
2020-08-12 13:11:18,648 - INFO - Reads parsed so far: 500000
2020-08-12 13:11:25,448 - INFO - Reads parsed so far: 1000000
2020-08-12 13:11:32,098 - INFO - Reads parsed so far: 1500000
2020-08-12 13:11:38,398 - INFO - Reads parsed so far: 2000000
2020-08-12 13:11:44,989 - INFO - Reads parsed so far: 2500000
2020-08-12 13:11:51,858 - INFO - Reads parsed so far: 3000000
2020-08-12 13:11:57,926 - INFO - Reads parsed so far: 3500000
2020-08-12 13:12:05,995 - INFO - Reads parsed so far: 4000000
2020-08-12 13:12:11,957 - INFO - Reads parsed so far: 4500000
2020-08-12 13:12:17,876 - INFO - Reads parsed so far: 5000000
2020-08-12 13:12:26,288 - INFO - Reads parsed so far: 5500000
2020-08-12 13:12:34,308 - INFO - Reads parsed so far: 6000000
2020-08-12 13:12:40,494 - INFO - Reads parsed so far: 6500000
2020-08-12 13:12:49,680 - INFO - Reads parsed so far: 7000000
2020-08-12 13:12:56,479 - INFO - Reads parsed so far: 7500000
2020-08-12 13:13:02,383 - INFO - Reads parsed so far: 8000000
2020-08-12 13:13:08,810 - INFO - Reads parsed so far: 8500000
2020-08-12 13:13:19,584 - INFO - Reads parsed so far: 9000000
2020-08-12 13:13:25,371 - INFO - Reads parsed so far: 9500000
2020-08-12 13:13:31,179 - INFO - Reads parsed so far: 10000000
2020-08-12 13:13:37,724 - INFO - Reads parsed so far: 10500000
2020-08-12 13:13:43,594 - INFO - Reads parsed so far: 11000000
2020-08-12 13:13:49,605 - INFO - Reads parsed so far: 11500000
2020-08-12 13:13:55,727 - INFO - Reads parsed so far: 12000000
2020-08-12 13:14:06,704 - INFO - Reads parsed so far: 12500000
2020-08-12 13:14:12,721 - INFO - Reads parsed so far: 13000000
2020-08-12 13:14:19,761 - INFO - Reads parsed so far: 13500000
2020-08-12 13:14:25,832 - INFO - Reads parsed so far: 14000000
2020-08-12 13:14:31,735 - INFO - Reads parsed so far: 14500000
2020-08-12 13:14:37,500 - INFO - Reads parsed so far: 15000000
2020-08-12 13:14:43,620 - INFO - Reads parsed so far: 15500000
2020-08-12 13:14:49,431 - INFO - Reads parsed so far: 16000000
2020-08-12 13:14:55,426 - INFO - Reads parsed so far: 16500000
2020-08-12 13:15:01,414 - INFO - Reads parsed so far: 17000000
2020-08-12 13:15:13,774 - INFO - Reads parsed so far: 17500000
2020-08-12 13:15:19,607 - INFO - Reads parsed so far: 18000000
2020-08-12 13:15:25,593 - INFO - Reads parsed so far: 18500000
2020-08-12 13:15:27,833 - INFO - Parsed 18688204 reads, found 9548961 unique barcodes.
2020-08-12 13:15:27,838 - INFO - Summary stats on reads:
    total  fail filter  low Q barcode
 18688204            0        2089323
2020-08-12 13:15:27,838 - INFO - Writing these stats to results/codoncounts/mut-DNA-rep3_readstats.csv

2020-08-12 13:15:30,105 - INFO - Number of reads per barcode:
                 number of barcodes
number of reads                    
1                           5837325
2                           1771552
3                           1065985
4                            528570
5                            223021
6                             83237
7                             27422
8                              8420
9                              2415
10                              729
11                              214
12                               48
13                               13
14                                6
15                                1
16                                1
18                                1
119                               1
2020-08-12 13:15:30,105 - INFO - Writing these stats to results/codoncounts/mut-DNA-rep3_readsperbc.csv

2020-08-12 13:15:30,110 - INFO - Examining the 9548961 barcodes to build and align subamplicons...
2020-08-12 13:15:42,833 - INFO - Barcodes examined so far: 200000
2020-08-12 13:15:55,571 - INFO - Barcodes examined so far: 400000
2020-08-12 13:16:08,042 - INFO - Barcodes examined so far: 600000
2020-08-12 13:16:20,291 - INFO - Barcodes examined so far: 800000
2020-08-12 13:16:32,688 - INFO - Barcodes examined so far: 1000000
2020-08-12 13:16:44,747 - INFO - Barcodes examined so far: 1200000
2020-08-12 13:16:57,213 - INFO - Barcodes examined so far: 1400000
2020-08-12 13:17:09,515 - INFO - Barcodes examined so far: 1600000
2020-08-12 13:17:21,687 - INFO - Barcodes examined so far: 1800000
2020-08-12 13:17:33,856 - INFO - Barcodes examined so far: 2000000
2020-08-12 13:17:46,342 - INFO - Barcodes examined so far: 2200000
2020-08-12 13:17:58,757 - INFO - Barcodes examined so far: 2400000
2020-08-12 13:18:11,038 - INFO - Barcodes examined so far: 2600000
2020-08-12 13:18:22,789 - INFO - Barcodes examined so far: 2800000
2020-08-12 13:18:34,359 - INFO - Barcodes examined so far: 3000000
2020-08-12 13:18:45,456 - INFO - Barcodes examined so far: 3200000
2020-08-12 13:18:56,062 - INFO - Barcodes examined so far: 3400000
2020-08-12 13:19:06,772 - INFO - Barcodes examined so far: 3600000
2020-08-12 13:19:17,638 - INFO - Barcodes examined so far: 3800000
2020-08-12 13:19:29,332 - INFO - Barcodes examined so far: 4000000
2020-08-12 13:19:41,477 - INFO - Barcodes examined so far: 4200000
2020-08-12 13:19:56,363 - INFO - Barcodes examined so far: 4400000
2020-08-12 13:20:06,463 - INFO - Barcodes examined so far: 4600000
2020-08-12 13:20:16,047 - INFO - Barcodes examined so far: 4800000
2020-08-12 13:20:25,751 - INFO - Barcodes examined so far: 5000000
2020-08-12 13:20:34,712 - INFO - Barcodes examined so far: 5200000
2020-08-12 13:20:43,315 - INFO - Barcodes examined so far: 5400000
2020-08-12 13:20:51,579 - INFO - Barcodes examined so far: 5600000
2020-08-12 13:20:59,673 - INFO - Barcodes examined so far: 5800000
2020-08-12 13:21:07,514 - INFO - Barcodes examined so far: 6000000
2020-08-12 13:21:14,985 - INFO - Barcodes examined so far: 6200000
2020-08-12 13:21:22,130 - INFO - Barcodes examined so far: 6400000
2020-08-12 13:21:28,964 - INFO - Barcodes examined so far: 6600000
2020-08-12 13:21:35,466 - INFO - Barcodes examined so far: 6800000
2020-08-12 13:21:41,525 - INFO - Barcodes examined so far: 7000000
2020-08-12 13:21:47,599 - INFO - Barcodes examined so far: 7200000
2020-08-12 13:21:53,596 - INFO - Barcodes examined so far: 7400000
2020-08-12 13:21:59,217 - INFO - Barcodes examined so far: 7600000
2020-08-12 13:22:04,212 - INFO - Barcodes examined so far: 7800000
2020-08-12 13:22:08,951 - INFO - Barcodes examined so far: 8000000
2020-08-12 13:22:13,446 - INFO - Barcodes examined so far: 8200000
2020-08-12 13:22:17,649 - INFO - Barcodes examined so far: 8400000
2020-08-12 13:22:21,545 - INFO - Barcodes examined so far: 8600000
2020-08-12 13:22:25,018 - INFO - Barcodes examined so far: 8800000
2020-08-12 13:22:28,192 - INFO - Barcodes examined so far: 9000000
2020-08-12 13:22:31,029 - INFO - Barcodes examined so far: 9200000
2020-08-12 13:22:33,712 - INFO - Barcodes examined so far: 9400000
2020-08-12 13:22:35,317 - INFO - Examined all barcodes. Summary stats:
   total  too few reads  not alignable  aligned
 9548961        5837325        1486671  2224965
2020-08-12 13:22:35,317 - INFO - Writing these stats to results/codoncounts/mut-DNA-rep3_bcstats.csv

2020-08-12 13:22:35,342 - INFO - Writing the counts of each codon identity at each site to results/codoncounts/mut-DNA-rep3_codoncounts.csv

2020-08-12 13:22:35,387 - INFO - Successful completion of dms2_bcsubamp
