2020-08-12 13:14:07,550 - INFO - Beginning execution of dms2_bcsubamp in directory /fh/fast/bloom_j/computational_notebooks/adingens/2019/Vacc_Rabbit_Sera_MAP/FinalAnalysis/Vacc_Rabbit_Sera_MAP

2020-08-12 13:14:07,550 - INFO - Progress is being logged to results/codoncounts/mut-virus-rep3e-2124-Wk22-d3-75.log
2020-08-12 13:14:07,552 - INFO - Version information:
	Time and date: Wed Aug 12 13:14:07 2020
	Platform: Linux-4.15.0-101-generic-x86_64-with-debian-buster-sid
	Python version: 3.6.7 | packaged by conda-forge | (default, Jul  2 2019, 02:18:42)  [GCC 7.3.0]
	dms_tools2 version: 2.6.6
	Bio version: 1.74
	pandas version: 0.25.3
	numpy version: 1.17.0
	IPython version: 7.12.0
	jupyter version unknown
	matplotlib version: 3.2.1
	plotnine version: 0.6.0
	natsort version: 6.0.0
	pystan version: 2.19.0.0
	scipy version: 1.4.1
	seaborn version: 0.9.0
	phydmslib version: 2.3.8
	statsmodels version: 0.10.1
	rpy2 version: 3.1.0
	regex version: 2.5.64
	umi_tools version: 1.0.0

2020-08-12 13:14:07,553 - INFO - Parsed the following arguments:
	outdir = results/codoncounts
	ncpus = -1
	use_existing = yes
	refseq = data/BG505.W6.C2.T332N_env.fasta
	alignspecs = ['87,375,39,36', '376,666,36,39', '663,954,33,41', '955,1228,33,37', '1228,1527,34,35', '1527,1815,32,39', '1816,2098,36,41']
	bclen = 8
	fastqdir = results/FASTQ_files
	R2 = None
	R1trim = [200]
	R2trim = [170]
	bclen2 = None
	chartype = codon
	maxmuts = 4
	minq = 15
	minreads = 2
	minfraccall = 0.95
	minconcur = 0.75
	sitemask = None
	purgeread = 0.0
	purgebc = 0.0
	bcinfo = True
	bcinfo_csv = True
	name = mut-virus-rep3e-2124-Wk22-d3-75
	R1 = ['mut-virus-rep3e-2124-Wk22-d3-75_R1.fastq.gz']

2020-08-12 13:14:07,573 - INFO - Read refseq of 2583 codons from data/BG505.W6.C2.T332N_env.fasta
2020-08-12 13:14:07,573 - INFO - Reads are in these FASTQ pairs:
	results/FASTQ_files/mut-virus-rep3e-2124-Wk22-d3-75_R1.fastq.gz and results/FASTQ_files/mut-virus-rep3e-2124-Wk22-d3-75_R2.fastq.gz

2020-08-12 13:14:07,573 - INFO - Now parsing read pairs...
2020-08-12 13:14:15,025 - INFO - Reads parsed so far: 500000
2020-08-12 13:14:21,656 - INFO - Reads parsed so far: 1000000
2020-08-12 13:14:27,780 - INFO - Reads parsed so far: 1500000
2020-08-12 13:14:34,261 - INFO - Reads parsed so far: 2000000
2020-08-12 13:14:40,396 - INFO - Reads parsed so far: 2500000
2020-08-12 13:14:47,298 - INFO - Reads parsed so far: 3000000
2020-08-12 13:14:53,082 - INFO - Reads parsed so far: 3500000
2020-08-12 13:14:58,891 - INFO - Reads parsed so far: 4000000
2020-08-12 13:15:04,794 - INFO - Reads parsed so far: 4500000
2020-08-12 13:15:10,836 - INFO - Reads parsed so far: 5000000
2020-08-12 13:15:14,446 - INFO - Parsed 5296202 reads, found 1441601 unique barcodes.
2020-08-12 13:15:14,455 - INFO - Summary stats on reads:
   total  fail filter  low Q barcode
 5296202            0         477465
2020-08-12 13:15:14,456 - INFO - Writing these stats to results/codoncounts/mut-virus-rep3e-2124-Wk22-d3-75_readstats.csv

2020-08-12 13:15:14,951 - INFO - Number of reads per barcode:
                 number of barcodes
number of reads                    
1                            466739
2                            182190
3                            195877
4                            183854
5                            148676
6                            106994
7                             69888
8                             41272
9                             22958
10                            11936
11                             5853
12                             2774
13                             1295
14                              668
15                              326
16                              154
17                               71
18                               38
19                               22
20                               11
21                                2
22                                2
26                                1
2020-08-12 13:15:14,951 - INFO - Writing these stats to results/codoncounts/mut-virus-rep3e-2124-Wk22-d3-75_readsperbc.csv

2020-08-12 13:15:14,967 - INFO - Examining the 1441601 barcodes to build and align subamplicons...
2020-08-12 13:15:32,038 - INFO - Barcodes examined so far: 200000
2020-08-12 13:15:48,269 - INFO - Barcodes examined so far: 400000
2020-08-12 13:16:04,141 - INFO - Barcodes examined so far: 600000
2020-08-12 13:16:19,219 - INFO - Barcodes examined so far: 800000
2020-08-12 13:16:32,783 - INFO - Barcodes examined so far: 1000000
2020-08-12 13:16:43,581 - INFO - Barcodes examined so far: 1200000
2020-08-12 13:16:49,567 - INFO - Barcodes examined so far: 1400000
2020-08-12 13:16:50,119 - INFO - Examined all barcodes. Summary stats:
   total  too few reads  not alignable  aligned
 1441601         466739          87461   887401
2020-08-12 13:16:50,123 - INFO - Writing these stats to results/codoncounts/mut-virus-rep3e-2124-Wk22-d3-75_bcstats.csv

2020-08-12 13:16:50,148 - INFO - Writing the counts of each codon identity at each site to results/codoncounts/mut-virus-rep3e-2124-Wk22-d3-75_codoncounts.csv

2020-08-12 13:16:50,200 - INFO - Successful completion of dms2_bcsubamp
