2020-08-12 13:16:34,551 - INFO - Beginning execution of dms2_bcsubamp in directory /fh/fast/bloom_j/computational_notebooks/adingens/2019/Vacc_Rabbit_Sera_MAP/FinalAnalysis/Vacc_Rabbit_Sera_MAP

2020-08-12 13:16:34,552 - INFO - Progress is being logged to results/codoncounts/mut-virus-rep3e-5724-Wk26-d30.log
2020-08-12 13:16:34,554 - INFO - Version information:
	Time and date: Wed Aug 12 13:16:34 2020
	Platform: Linux-4.15.0-101-generic-x86_64-with-debian-buster-sid
	Python version: 3.6.7 | packaged by conda-forge | (default, Jul  2 2019, 02:18:42)  [GCC 7.3.0]
	dms_tools2 version: 2.6.6
	Bio version: 1.74
	pandas version: 0.25.3
	numpy version: 1.17.0
	IPython version: 7.12.0
	jupyter version unknown
	matplotlib version: 3.2.1
	plotnine version: 0.6.0
	natsort version: 6.0.0
	pystan version: 2.19.0.0
	scipy version: 1.4.1
	seaborn version: 0.9.0
	phydmslib version: 2.3.8
	statsmodels version: 0.10.1
	rpy2 version: 3.1.0
	regex version: 2.5.64
	umi_tools version: 1.0.0

2020-08-12 13:16:34,554 - INFO - Parsed the following arguments:
	outdir = results/codoncounts
	ncpus = -1
	use_existing = yes
	refseq = data/BG505.W6.C2.T332N_env.fasta
	alignspecs = ['87,375,39,36', '376,666,36,39', '663,954,33,41', '955,1228,33,37', '1228,1527,34,35', '1527,1815,32,39', '1816,2098,36,41']
	bclen = 8
	fastqdir = results/FASTQ_files
	R2 = None
	R1trim = [200]
	R2trim = [170]
	bclen2 = None
	chartype = codon
	maxmuts = 4
	minq = 15
	minreads = 2
	minfraccall = 0.95
	minconcur = 0.75
	sitemask = None
	purgeread = 0.0
	purgebc = 0.0
	bcinfo = True
	bcinfo_csv = True
	name = mut-virus-rep3e-5724-Wk26-d30
	R1 = ['mut-virus-rep3e-5724-Wk26-d30_R1.fastq.gz']

2020-08-12 13:16:34,571 - INFO - Read refseq of 2583 codons from data/BG505.W6.C2.T332N_env.fasta
2020-08-12 13:16:34,571 - INFO - Reads are in these FASTQ pairs:
	results/FASTQ_files/mut-virus-rep3e-5724-Wk26-d30_R1.fastq.gz and results/FASTQ_files/mut-virus-rep3e-5724-Wk26-d30_R2.fastq.gz

2020-08-12 13:16:34,571 - INFO - Now parsing read pairs...
2020-08-12 13:16:40,869 - INFO - Reads parsed so far: 500000
2020-08-12 13:16:47,562 - INFO - Reads parsed so far: 1000000
2020-08-12 13:16:53,916 - INFO - Reads parsed so far: 1500000
2020-08-12 13:17:00,224 - INFO - Reads parsed so far: 2000000
2020-08-12 13:17:05,727 - INFO - Reads parsed so far: 2500000
2020-08-12 13:17:12,559 - INFO - Reads parsed so far: 3000000
2020-08-12 13:17:17,043 - INFO - Parsed 3367044 reads, found 1615298 unique barcodes.
2020-08-12 13:17:17,048 - INFO - Summary stats on reads:
   total  fail filter  low Q barcode
 3367044            0         327823
2020-08-12 13:17:17,048 - INFO - Writing these stats to results/codoncounts/mut-virus-rep3e-5724-Wk26-d30_readstats.csv

2020-08-12 13:17:17,431 - INFO - Number of reads per barcode:
                 number of barcodes
number of reads                    
1                            846448
2                            381605
3                            218206
4                            103888
5                             42317
6                             15340
7                              5173
8                              1632
9                               475
10                              148
11                               51
12                               10
13                                5
2020-08-12 13:17:17,431 - INFO - Writing these stats to results/codoncounts/mut-virus-rep3e-5724-Wk26-d30_readsperbc.csv

2020-08-12 13:17:17,442 - INFO - Examining the 1615298 barcodes to build and align subamplicons...
2020-08-12 13:17:30,975 - INFO - Barcodes examined so far: 200000
2020-08-12 13:17:43,984 - INFO - Barcodes examined so far: 400000
2020-08-12 13:17:56,540 - INFO - Barcodes examined so far: 600000
2020-08-12 13:18:08,047 - INFO - Barcodes examined so far: 800000
2020-08-12 13:18:18,164 - INFO - Barcodes examined so far: 1000000
2020-08-12 13:18:26,583 - INFO - Barcodes examined so far: 1200000
2020-08-12 13:18:33,154 - INFO - Barcodes examined so far: 1400000
2020-08-12 13:18:37,222 - INFO - Barcodes examined so far: 1600000
2020-08-12 13:18:37,397 - INFO - Examined all barcodes. Summary stats:
   total  too few reads  not alignable  aligned
 1615298         846448          80709   688141
2020-08-12 13:18:37,397 - INFO - Writing these stats to results/codoncounts/mut-virus-rep3e-5724-Wk26-d30_bcstats.csv

2020-08-12 13:18:37,431 - INFO - Writing the counts of each codon identity at each site to results/codoncounts/mut-virus-rep3e-5724-Wk26-d30_codoncounts.csv

2020-08-12 13:18:37,475 - INFO - Successful completion of dms2_bcsubamp
