2020-08-12 13:11:10,480 - INFO - Beginning execution of dms2_bcsubamp in directory /fh/fast/bloom_j/computational_notebooks/adingens/2019/Vacc_Rabbit_Sera_MAP/FinalAnalysis/Vacc_Rabbit_Sera_MAP

2020-08-12 13:11:10,480 - INFO - Progress is being logged to results/codoncounts/mut-virus-rep2e-2124-Wk0-d30.log
2020-08-12 13:11:10,483 - INFO - Version information:
	Time and date: Wed Aug 12 13:11:10 2020
	Platform: Linux-4.15.0-101-generic-x86_64-with-debian-buster-sid
	Python version: 3.6.7 | packaged by conda-forge | (default, Jul  2 2019, 02:18:42)  [GCC 7.3.0]
	dms_tools2 version: 2.6.6
	Bio version: 1.74
	pandas version: 0.25.3
	numpy version: 1.17.0
	IPython version: 7.12.0
	jupyter version unknown
	matplotlib version: 3.2.1
	plotnine version: 0.6.0
	natsort version: 6.0.0
	pystan version: 2.19.0.0
	scipy version: 1.4.1
	seaborn version: 0.9.0
	phydmslib version: 2.3.8
	statsmodels version: 0.10.1
	rpy2 version: 3.1.0
	regex version: 2.5.64
	umi_tools version: 1.0.0

2020-08-12 13:11:10,484 - INFO - Parsed the following arguments:
	outdir = results/codoncounts
	ncpus = -1
	use_existing = yes
	refseq = data/BG505.W6.C2.T332N_env.fasta
	alignspecs = ['87,375,39,36', '376,666,36,39', '663,954,33,41', '955,1228,33,37', '1228,1527,34,35', '1527,1815,32,39', '1816,2098,36,41']
	bclen = 8
	fastqdir = results/FASTQ_files
	R2 = None
	R1trim = [200]
	R2trim = [170]
	bclen2 = None
	chartype = codon
	maxmuts = 4
	minq = 15
	minreads = 2
	minfraccall = 0.95
	minconcur = 0.75
	sitemask = None
	purgeread = 0.0
	purgebc = 0.0
	bcinfo = True
	bcinfo_csv = True
	name = mut-virus-rep2e-2124-Wk0-d30
	R1 = ['mut-virus-rep2e-2124-Wk0-d30_R1.fastq.gz']

2020-08-12 13:11:10,503 - INFO - Read refseq of 2583 codons from data/BG505.W6.C2.T332N_env.fasta
2020-08-12 13:11:10,504 - INFO - Reads are in these FASTQ pairs:
	results/FASTQ_files/mut-virus-rep2e-2124-Wk0-d30_R1.fastq.gz and results/FASTQ_files/mut-virus-rep2e-2124-Wk0-d30_R2.fastq.gz

2020-08-12 13:11:10,504 - INFO - Now parsing read pairs...
2020-08-12 13:11:17,522 - INFO - Reads parsed so far: 500000
2020-08-12 13:11:24,269 - INFO - Reads parsed so far: 1000000
2020-08-12 13:11:30,503 - INFO - Reads parsed so far: 1500000
2020-08-12 13:11:36,769 - INFO - Reads parsed so far: 2000000
2020-08-12 13:11:42,561 - INFO - Reads parsed so far: 2500000
2020-08-12 13:11:48,912 - INFO - Reads parsed so far: 3000000
2020-08-12 13:11:54,810 - INFO - Reads parsed so far: 3500000
2020-08-12 13:12:00,480 - INFO - Reads parsed so far: 4000000
2020-08-12 13:12:00,552 - INFO - Parsed 4003263 reads, found 1343877 unique barcodes.
2020-08-12 13:12:00,558 - INFO - Summary stats on reads:
   total  fail filter  low Q barcode
 4003263            0         261730
2020-08-12 13:12:00,558 - INFO - Writing these stats to results/codoncounts/mut-virus-rep2e-2124-Wk0-d30_readstats.csv

2020-08-12 13:12:00,915 - INFO - Number of reads per barcode:
                 number of barcodes
number of reads                    
1                            383180
2                            301432
3                            263394
4                            185073
5                            110630
6                             56657
7                             26177
8                             10845
9                              4168
10                             1535
11                              523
12                              172
13                               55
14                               18
15                               11
16                                6
17                                1
2020-08-12 13:12:00,915 - INFO - Writing these stats to results/codoncounts/mut-virus-rep2e-2124-Wk0-d30_readsperbc.csv

2020-08-12 13:12:00,930 - INFO - Examining the 1343877 barcodes to build and align subamplicons...
2020-08-12 13:12:18,751 - INFO - Barcodes examined so far: 200000
2020-08-12 13:12:35,894 - INFO - Barcodes examined so far: 400000
2020-08-12 13:12:53,956 - INFO - Barcodes examined so far: 600000
2020-08-12 13:13:11,026 - INFO - Barcodes examined so far: 800000
2020-08-12 13:13:25,279 - INFO - Barcodes examined so far: 1000000
2020-08-12 13:13:36,723 - INFO - Barcodes examined so far: 1200000
2020-08-12 13:13:41,770 - INFO - Examined all barcodes. Summary stats:
   total  too few reads  not alignable  aligned
 1343877         383180          82476   878221
2020-08-12 13:13:41,771 - INFO - Writing these stats to results/codoncounts/mut-virus-rep2e-2124-Wk0-d30_bcstats.csv

2020-08-12 13:13:41,797 - INFO - Writing the counts of each codon identity at each site to results/codoncounts/mut-virus-rep2e-2124-Wk0-d30_codoncounts.csv

2020-08-12 13:13:41,889 - INFO - Successful completion of dms2_bcsubamp
