2020-08-12 13:14:38,049 - INFO - Beginning execution of dms2_bcsubamp in directory /fh/fast/bloom_j/computational_notebooks/adingens/2019/Vacc_Rabbit_Sera_MAP/FinalAnalysis/Vacc_Rabbit_Sera_MAP

2020-08-12 13:14:38,049 - INFO - Progress is being logged to results/codoncounts/mut-virus-rep3e-2214-Wk43-d3-75.log
2020-08-12 13:14:38,053 - INFO - Version information:
	Time and date: Wed Aug 12 13:14:38 2020
	Platform: Linux-4.15.0-101-generic-x86_64-with-debian-buster-sid
	Python version: 3.6.7 | packaged by conda-forge | (default, Jul  2 2019, 02:18:42)  [GCC 7.3.0]
	dms_tools2 version: 2.6.6
	Bio version: 1.74
	pandas version: 0.25.3
	numpy version: 1.17.0
	IPython version: 7.12.0
	jupyter version unknown
	matplotlib version: 3.2.1
	plotnine version: 0.6.0
	natsort version: 6.0.0
	pystan version: 2.19.0.0
	scipy version: 1.4.1
	seaborn version: 0.9.0
	phydmslib version: 2.3.8
	statsmodels version: 0.10.1
	rpy2 version: 3.1.0
	regex version: 2.5.64
	umi_tools version: 1.0.0

2020-08-12 13:14:38,053 - INFO - Parsed the following arguments:
	outdir = results/codoncounts
	ncpus = -1
	use_existing = yes
	refseq = data/BG505.W6.C2.T332N_env.fasta
	alignspecs = ['87,375,39,36', '376,666,36,39', '663,954,33,41', '955,1228,33,37', '1228,1527,34,35', '1527,1815,32,39', '1816,2098,36,41']
	bclen = 8
	fastqdir = results/FASTQ_files
	R2 = None
	R1trim = [200]
	R2trim = [170]
	bclen2 = None
	chartype = codon
	maxmuts = 4
	minq = 15
	minreads = 2
	minfraccall = 0.95
	minconcur = 0.75
	sitemask = None
	purgeread = 0.0
	purgebc = 0.0
	bcinfo = True
	bcinfo_csv = True
	name = mut-virus-rep3e-2214-Wk43-d3-75
	R1 = ['mut-virus-rep3e-2214-Wk43-d3-75_R1.fastq.gz']

2020-08-12 13:14:38,076 - INFO - Read refseq of 2583 codons from data/BG505.W6.C2.T332N_env.fasta
2020-08-12 13:14:38,077 - INFO - Reads are in these FASTQ pairs:
	results/FASTQ_files/mut-virus-rep3e-2214-Wk43-d3-75_R1.fastq.gz and results/FASTQ_files/mut-virus-rep3e-2214-Wk43-d3-75_R2.fastq.gz

2020-08-12 13:14:38,077 - INFO - Now parsing read pairs...
2020-08-12 13:14:45,859 - INFO - Reads parsed so far: 500000
2020-08-12 13:14:52,472 - INFO - Reads parsed so far: 1000000
2020-08-12 13:14:58,875 - INFO - Reads parsed so far: 1500000
2020-08-12 13:15:05,471 - INFO - Reads parsed so far: 2000000
2020-08-12 13:15:11,291 - INFO - Reads parsed so far: 2500000
2020-08-12 13:15:17,985 - INFO - Reads parsed so far: 3000000
2020-08-12 13:15:23,592 - INFO - Reads parsed so far: 3500000
2020-08-12 13:15:25,396 - INFO - Parsed 3660574 reads, found 1787820 unique barcodes.
2020-08-12 13:15:25,402 - INFO - Summary stats on reads:
   total  fail filter  low Q barcode
 3660574            0         349444
2020-08-12 13:15:25,402 - INFO - Writing these stats to results/codoncounts/mut-virus-rep3e-2214-Wk43-d3-75_readstats.csv

2020-08-12 13:15:25,884 - INFO - Number of reads per barcode:
                 number of barcodes
number of reads                    
1                            952747
2                            420231
3                            238446
4                            110749
5                             43759
6                             15139
7                              4803
8                              1413
9                               367
10                              118
11                               38
12                                4
13                                1
14                                4
15                                1
2020-08-12 13:15:25,884 - INFO - Writing these stats to results/codoncounts/mut-virus-rep3e-2214-Wk43-d3-75_readsperbc.csv

2020-08-12 13:15:25,889 - INFO - Examining the 1787820 barcodes to build and align subamplicons...
2020-08-12 13:15:39,088 - INFO - Barcodes examined so far: 200000
2020-08-12 13:15:51,813 - INFO - Barcodes examined so far: 400000
2020-08-12 13:16:03,998 - INFO - Barcodes examined so far: 600000
2020-08-12 13:16:15,413 - INFO - Barcodes examined so far: 800000
2020-08-12 13:16:25,885 - INFO - Barcodes examined so far: 1000000
2020-08-12 13:16:35,137 - INFO - Barcodes examined so far: 1200000
2020-08-12 13:16:42,780 - INFO - Barcodes examined so far: 1400000
2020-08-12 13:16:48,538 - INFO - Barcodes examined so far: 1600000
2020-08-12 13:16:51,801 - INFO - Examined all barcodes. Summary stats:
   total  too few reads  not alignable  aligned
 1787820         952747          89990   745083
2020-08-12 13:16:51,802 - INFO - Writing these stats to results/codoncounts/mut-virus-rep3e-2214-Wk43-d3-75_bcstats.csv

2020-08-12 13:16:51,827 - INFO - Writing the counts of each codon identity at each site to results/codoncounts/mut-virus-rep3e-2214-Wk43-d3-75_codoncounts.csv

2020-08-12 13:16:51,880 - INFO - Successful completion of dms2_bcsubamp
