2020-08-12 13:11:10,365 - INFO - Beginning execution of dms2_bcsubamp in directory /fh/fast/bloom_j/computational_notebooks/adingens/2019/Vacc_Rabbit_Sera_MAP/FinalAnalysis/Vacc_Rabbit_Sera_MAP

2020-08-12 13:11:10,365 - INFO - Progress is being logged to results/codoncounts/mut-virus-rep2e-2124-Wk22-d10.log
2020-08-12 13:11:10,368 - INFO - Version information:
	Time and date: Wed Aug 12 13:11:10 2020
	Platform: Linux-4.15.0-101-generic-x86_64-with-debian-buster-sid
	Python version: 3.6.7 | packaged by conda-forge | (default, Jul  2 2019, 02:18:42)  [GCC 7.3.0]
	dms_tools2 version: 2.6.6
	Bio version: 1.74
	pandas version: 0.25.3
	numpy version: 1.17.0
	IPython version: 7.12.0
	jupyter version unknown
	matplotlib version: 3.2.1
	plotnine version: 0.6.0
	natsort version: 6.0.0
	pystan version: 2.19.0.0
	scipy version: 1.4.1
	seaborn version: 0.9.0
	phydmslib version: 2.3.8
	statsmodels version: 0.10.1
	rpy2 version: 3.1.0
	regex version: 2.5.64
	umi_tools version: 1.0.0

2020-08-12 13:11:10,368 - INFO - Parsed the following arguments:
	outdir = results/codoncounts
	ncpus = -1
	use_existing = yes
	refseq = data/BG505.W6.C2.T332N_env.fasta
	alignspecs = ['87,375,39,36', '376,666,36,39', '663,954,33,41', '955,1228,33,37', '1228,1527,34,35', '1527,1815,32,39', '1816,2098,36,41']
	bclen = 8
	fastqdir = results/FASTQ_files
	R2 = None
	R1trim = [200]
	R2trim = [170]
	bclen2 = None
	chartype = codon
	maxmuts = 4
	minq = 15
	minreads = 2
	minfraccall = 0.95
	minconcur = 0.75
	sitemask = None
	purgeread = 0.0
	purgebc = 0.0
	bcinfo = True
	bcinfo_csv = True
	name = mut-virus-rep2e-2124-Wk22-d10
	R1 = ['mut-virus-rep2e-2124-Wk22-d10_R1.fastq.gz']

2020-08-12 13:11:10,397 - INFO - Read refseq of 2583 codons from data/BG505.W6.C2.T332N_env.fasta
2020-08-12 13:11:10,398 - INFO - Reads are in these FASTQ pairs:
	results/FASTQ_files/mut-virus-rep2e-2124-Wk22-d10_R1.fastq.gz and results/FASTQ_files/mut-virus-rep2e-2124-Wk22-d10_R2.fastq.gz

2020-08-12 13:11:10,398 - INFO - Now parsing read pairs...
2020-08-12 13:11:17,522 - INFO - Reads parsed so far: 500000
2020-08-12 13:11:24,526 - INFO - Reads parsed so far: 1000000
2020-08-12 13:11:31,146 - INFO - Reads parsed so far: 1500000
2020-08-12 13:11:37,441 - INFO - Reads parsed so far: 2000000
2020-08-12 13:11:43,391 - INFO - Reads parsed so far: 2500000
2020-08-12 13:11:50,006 - INFO - Reads parsed so far: 3000000
2020-08-12 13:11:56,070 - INFO - Reads parsed so far: 3500000
2020-08-12 13:12:01,994 - INFO - Reads parsed so far: 4000000
2020-08-12 13:12:06,784 - INFO - Parsed 4397764 reads, found 1378071 unique barcodes.
2020-08-12 13:12:06,789 - INFO - Summary stats on reads:
   total  fail filter  low Q barcode
 4397764            0         291020
2020-08-12 13:12:06,789 - INFO - Writing these stats to results/codoncounts/mut-virus-rep2e-2124-Wk22-d10_readstats.csv

2020-08-12 13:12:07,153 - INFO - Number of reads per barcode:
                 number of barcodes
number of reads                    
1                            359661
2                            283061
3                            267977
4                            202997
5                            129555
6                             72203
7                             35301
8                             16184
9                              6766
10                             2593
11                             1073
12                              437
13                              159
14                               66
15                               20
16                               11
18                                3
19                                2
20                                2
2020-08-12 13:12:07,153 - INFO - Writing these stats to results/codoncounts/mut-virus-rep2e-2124-Wk22-d10_readsperbc.csv

2020-08-12 13:12:07,162 - INFO - Examining the 1378071 barcodes to build and align subamplicons...
2020-08-12 13:12:27,268 - INFO - Barcodes examined so far: 200000
2020-08-12 13:12:46,385 - INFO - Barcodes examined so far: 400000
2020-08-12 13:13:04,384 - INFO - Barcodes examined so far: 600000
2020-08-12 13:13:22,165 - INFO - Barcodes examined so far: 800000
2020-08-12 13:13:36,944 - INFO - Barcodes examined so far: 1000000
2020-08-12 13:13:50,619 - INFO - Barcodes examined so far: 1200000
2020-08-12 13:13:56,996 - INFO - Examined all barcodes. Summary stats:
   total  too few reads  not alignable  aligned
 1378071         359661          86033   932377
2020-08-12 13:13:56,996 - INFO - Writing these stats to results/codoncounts/mut-virus-rep2e-2124-Wk22-d10_bcstats.csv

2020-08-12 13:13:57,014 - INFO - Writing the counts of each codon identity at each site to results/codoncounts/mut-virus-rep2e-2124-Wk22-d10_codoncounts.csv

2020-08-12 13:13:57,100 - INFO - Successful completion of dms2_bcsubamp
