2020-08-12 13:16:32,430 - INFO - Beginning execution of dms2_bcsubamp in directory /fh/fast/bloom_j/computational_notebooks/adingens/2019/Vacc_Rabbit_Sera_MAP/FinalAnalysis/Vacc_Rabbit_Sera_MAP

2020-08-12 13:16:32,430 - INFO - Progress is being logged to results/codoncounts/mut-virus-rep3e-2425-Wk18-d20.log
2020-08-12 13:16:32,433 - INFO - Version information:
	Time and date: Wed Aug 12 13:16:32 2020
	Platform: Linux-4.15.0-101-generic-x86_64-with-debian-buster-sid
	Python version: 3.6.7 | packaged by conda-forge | (default, Jul  2 2019, 02:18:42)  [GCC 7.3.0]
	dms_tools2 version: 2.6.6
	Bio version: 1.74
	pandas version: 0.25.3
	numpy version: 1.17.0
	IPython version: 7.12.0
	jupyter version unknown
	matplotlib version: 3.2.1
	plotnine version: 0.6.0
	natsort version: 6.0.0
	pystan version: 2.19.0.0
	scipy version: 1.4.1
	seaborn version: 0.9.0
	phydmslib version: 2.3.8
	statsmodels version: 0.10.1
	rpy2 version: 3.1.0
	regex version: 2.5.64
	umi_tools version: 1.0.0

2020-08-12 13:16:32,433 - INFO - Parsed the following arguments:
	outdir = results/codoncounts
	ncpus = -1
	use_existing = yes
	refseq = data/BG505.W6.C2.T332N_env.fasta
	alignspecs = ['87,375,39,36', '376,666,36,39', '663,954,33,41', '955,1228,33,37', '1228,1527,34,35', '1527,1815,32,39', '1816,2098,36,41']
	bclen = 8
	fastqdir = results/FASTQ_files
	R2 = None
	R1trim = [200]
	R2trim = [170]
	bclen2 = None
	chartype = codon
	maxmuts = 4
	minq = 15
	minreads = 2
	minfraccall = 0.95
	minconcur = 0.75
	sitemask = None
	purgeread = 0.0
	purgebc = 0.0
	bcinfo = True
	bcinfo_csv = True
	name = mut-virus-rep3e-2425-Wk18-d20
	R1 = ['mut-virus-rep3e-2425-Wk18-d20_R1.fastq.gz']

2020-08-12 13:16:32,448 - INFO - Read refseq of 2583 codons from data/BG505.W6.C2.T332N_env.fasta
2020-08-12 13:16:32,449 - INFO - Reads are in these FASTQ pairs:
	results/FASTQ_files/mut-virus-rep3e-2425-Wk18-d20_R1.fastq.gz and results/FASTQ_files/mut-virus-rep3e-2425-Wk18-d20_R2.fastq.gz

2020-08-12 13:16:32,449 - INFO - Now parsing read pairs...
2020-08-12 13:16:39,022 - INFO - Reads parsed so far: 500000
2020-08-12 13:16:45,475 - INFO - Reads parsed so far: 1000000
2020-08-12 13:16:51,874 - INFO - Reads parsed so far: 1500000
2020-08-12 13:16:58,417 - INFO - Reads parsed so far: 2000000
2020-08-12 13:17:04,060 - INFO - Reads parsed so far: 2500000
2020-08-12 13:17:11,208 - INFO - Reads parsed so far: 3000000
2020-08-12 13:17:17,083 - INFO - Reads parsed so far: 3500000
2020-08-12 13:17:22,753 - INFO - Reads parsed so far: 4000000
2020-08-12 13:17:27,392 - INFO - Parsed 4404142 reads, found 1817340 unique barcodes.
2020-08-12 13:17:27,397 - INFO - Summary stats on reads:
   total  fail filter  low Q barcode
 4404142            0         446675
2020-08-12 13:17:27,397 - INFO - Writing these stats to results/codoncounts/mut-virus-rep3e-2425-Wk18-d20_readstats.csv

2020-08-12 13:17:27,825 - INFO - Number of reads per barcode:
                 number of barcodes
number of reads                    
1                            833913
2                            389570
3                            279789
4                            166544
5                             84617
6                             38247
7                             15568
8                              5998
9                              2065
10                              701
11                              228
12                               70
13                               21
14                                7
15                                2
2020-08-12 13:17:27,825 - INFO - Writing these stats to results/codoncounts/mut-virus-rep3e-2425-Wk18-d20_readsperbc.csv

2020-08-12 13:17:27,828 - INFO - Examining the 1817340 barcodes to build and align subamplicons...
2020-08-12 13:17:42,483 - INFO - Barcodes examined so far: 200000
2020-08-12 13:17:56,876 - INFO - Barcodes examined so far: 400000
2020-08-12 13:18:10,618 - INFO - Barcodes examined so far: 600000
2020-08-12 13:18:23,468 - INFO - Barcodes examined so far: 800000
2020-08-12 13:18:35,707 - INFO - Barcodes examined so far: 1000000
2020-08-12 13:18:47,100 - INFO - Barcodes examined so far: 1200000
2020-08-12 13:18:56,555 - INFO - Barcodes examined so far: 1400000
2020-08-12 13:19:03,780 - INFO - Barcodes examined so far: 1600000
2020-08-12 13:19:07,803 - INFO - Barcodes examined so far: 1800000
2020-08-12 13:19:07,996 - INFO - Examined all barcodes. Summary stats:
   total  too few reads  not alignable  aligned
 1817340         833913         100492   882935
2020-08-12 13:19:07,996 - INFO - Writing these stats to results/codoncounts/mut-virus-rep3e-2425-Wk18-d20_bcstats.csv

2020-08-12 13:19:08,019 - INFO - Writing the counts of each codon identity at each site to results/codoncounts/mut-virus-rep3e-2425-Wk18-d20_codoncounts.csv

2020-08-12 13:19:08,064 - INFO - Successful completion of dms2_bcsubamp
