2020-08-12 13:14:05,848 - INFO - Beginning execution of dms2_bcsubamp in directory /fh/fast/bloom_j/computational_notebooks/adingens/2019/Vacc_Rabbit_Sera_MAP/FinalAnalysis/Vacc_Rabbit_Sera_MAP

2020-08-12 13:14:05,848 - INFO - Progress is being logged to results/codoncounts/mut-virus-rep2e-5727-Wk0-d10.log
2020-08-12 13:14:05,857 - INFO - Version information:
	Time and date: Wed Aug 12 13:14:05 2020
	Platform: Linux-4.15.0-101-generic-x86_64-with-debian-buster-sid
	Python version: 3.6.7 | packaged by conda-forge | (default, Jul  2 2019, 02:18:42)  [GCC 7.3.0]
	dms_tools2 version: 2.6.6
	Bio version: 1.74
	pandas version: 0.25.3
	numpy version: 1.17.0
	IPython version: 7.12.0
	jupyter version unknown
	matplotlib version: 3.2.1
	plotnine version: 0.6.0
	natsort version: 6.0.0
	pystan version: 2.19.0.0
	scipy version: 1.4.1
	seaborn version: 0.9.0
	phydmslib version: 2.3.8
	statsmodels version: 0.10.1
	rpy2 version: 3.1.0
	regex version: 2.5.64
	umi_tools version: 1.0.0

2020-08-12 13:14:05,858 - INFO - Parsed the following arguments:
	outdir = results/codoncounts
	ncpus = -1
	use_existing = yes
	refseq = data/BG505.W6.C2.T332N_env.fasta
	alignspecs = ['87,375,39,36', '376,666,36,39', '663,954,33,41', '955,1228,33,37', '1228,1527,34,35', '1527,1815,32,39', '1816,2098,36,41']
	bclen = 8
	fastqdir = results/FASTQ_files
	R2 = None
	R1trim = [200]
	R2trim = [170]
	bclen2 = None
	chartype = codon
	maxmuts = 4
	minq = 15
	minreads = 2
	minfraccall = 0.95
	minconcur = 0.75
	sitemask = None
	purgeread = 0.0
	purgebc = 0.0
	bcinfo = True
	bcinfo_csv = True
	name = mut-virus-rep2e-5727-Wk0-d10
	R1 = ['mut-virus-rep2e-5727-Wk0-d10_R1.fastq.gz']

2020-08-12 13:14:05,894 - INFO - Read refseq of 2583 codons from data/BG505.W6.C2.T332N_env.fasta
2020-08-12 13:14:05,895 - INFO - Reads are in these FASTQ pairs:
	results/FASTQ_files/mut-virus-rep2e-5727-Wk0-d10_R1.fastq.gz and results/FASTQ_files/mut-virus-rep2e-5727-Wk0-d10_R2.fastq.gz

2020-08-12 13:14:05,895 - INFO - Now parsing read pairs...
2020-08-12 13:14:12,615 - INFO - Reads parsed so far: 500000
2020-08-12 13:14:19,137 - INFO - Reads parsed so far: 1000000
2020-08-12 13:14:26,270 - INFO - Reads parsed so far: 1500000
2020-08-12 13:14:32,132 - INFO - Reads parsed so far: 2000000
2020-08-12 13:14:38,630 - INFO - Reads parsed so far: 2500000
2020-08-12 13:14:44,527 - INFO - Reads parsed so far: 3000000
2020-08-12 13:14:50,364 - INFO - Reads parsed so far: 3500000
2020-08-12 13:14:57,300 - INFO - Reads parsed so far: 4000000
2020-08-12 13:14:59,253 - INFO - Parsed 4171416 reads, found 1494788 unique barcodes.
2020-08-12 13:14:59,258 - INFO - Summary stats on reads:
   total  fail filter  low Q barcode
 4171416            0         257242
2020-08-12 13:14:59,258 - INFO - Writing these stats to results/codoncounts/mut-virus-rep2e-5727-Wk0-d10_readstats.csv

2020-08-12 13:14:59,722 - INFO - Number of reads per barcode:
                 number of barcodes
number of reads                    
1                            475354
2                            343525
3                            288735
4                            192920
5                            107270
6                             51682
7                             22117
8                              8477
9                              3102
10                             1062
11                              364
12                              115
13                               40
14                               15
15                                7
16                                1
17                                1
18                                1
2020-08-12 13:14:59,722 - INFO - Writing these stats to results/codoncounts/mut-virus-rep2e-5727-Wk0-d10_readsperbc.csv

2020-08-12 13:14:59,730 - INFO - Examining the 1494788 barcodes to build and align subamplicons...
2020-08-12 13:15:16,614 - INFO - Barcodes examined so far: 200000
2020-08-12 13:15:33,081 - INFO - Barcodes examined so far: 400000
2020-08-12 13:15:48,258 - INFO - Barcodes examined so far: 600000
2020-08-12 13:16:03,054 - INFO - Barcodes examined so far: 800000
2020-08-12 13:16:16,625 - INFO - Barcodes examined so far: 1000000
2020-08-12 13:16:28,646 - INFO - Barcodes examined so far: 1200000
2020-08-12 13:16:37,270 - INFO - Barcodes examined so far: 1400000
2020-08-12 13:16:39,453 - INFO - Examined all barcodes. Summary stats:
   total  too few reads  not alignable  aligned
 1494788         475354          89557   929877
2020-08-12 13:16:39,454 - INFO - Writing these stats to results/codoncounts/mut-virus-rep2e-5727-Wk0-d10_bcstats.csv

2020-08-12 13:16:39,480 - INFO - Writing the counts of each codon identity at each site to results/codoncounts/mut-virus-rep2e-5727-Wk0-d10_codoncounts.csv

2020-08-12 13:16:39,532 - INFO - Successful completion of dms2_bcsubamp
