2020-08-12 13:14:05,208 - INFO - Beginning execution of dms2_bcsubamp in directory /fh/fast/bloom_j/computational_notebooks/adingens/2019/Vacc_Rabbit_Sera_MAP/FinalAnalysis/Vacc_Rabbit_Sera_MAP

2020-08-12 13:14:05,208 - INFO - Progress is being logged to results/codoncounts/mut-virus-rep2e-5724-Wk26-d77.log
2020-08-12 13:14:05,213 - INFO - Version information:
	Time and date: Wed Aug 12 13:14:05 2020
	Platform: Linux-4.15.0-101-generic-x86_64-with-debian-buster-sid
	Python version: 3.6.7 | packaged by conda-forge | (default, Jul  2 2019, 02:18:42)  [GCC 7.3.0]
	dms_tools2 version: 2.6.6
	Bio version: 1.74
	pandas version: 0.25.3
	numpy version: 1.17.0
	IPython version: 7.12.0
	jupyter version unknown
	matplotlib version: 3.2.1
	plotnine version: 0.6.0
	natsort version: 6.0.0
	pystan version: 2.19.0.0
	scipy version: 1.4.1
	seaborn version: 0.9.0
	phydmslib version: 2.3.8
	statsmodels version: 0.10.1
	rpy2 version: 3.1.0
	regex version: 2.5.64
	umi_tools version: 1.0.0

2020-08-12 13:14:05,213 - INFO - Parsed the following arguments:
	outdir = results/codoncounts
	ncpus = -1
	use_existing = yes
	refseq = data/BG505.W6.C2.T332N_env.fasta
	alignspecs = ['87,375,39,36', '376,666,36,39', '663,954,33,41', '955,1228,33,37', '1228,1527,34,35', '1527,1815,32,39', '1816,2098,36,41']
	bclen = 8
	fastqdir = results/FASTQ_files
	R2 = None
	R1trim = [200]
	R2trim = [170]
	bclen2 = None
	chartype = codon
	maxmuts = 4
	minq = 15
	minreads = 2
	minfraccall = 0.95
	minconcur = 0.75
	sitemask = None
	purgeread = 0.0
	purgebc = 0.0
	bcinfo = True
	bcinfo_csv = True
	name = mut-virus-rep2e-5724-Wk26-d77
	R1 = ['mut-virus-rep2e-5724-Wk26-d77_R1.fastq.gz']

2020-08-12 13:14:05,243 - INFO - Read refseq of 2583 codons from data/BG505.W6.C2.T332N_env.fasta
2020-08-12 13:14:05,243 - INFO - Reads are in these FASTQ pairs:
	results/FASTQ_files/mut-virus-rep2e-5724-Wk26-d77_R1.fastq.gz and results/FASTQ_files/mut-virus-rep2e-5724-Wk26-d77_R2.fastq.gz

2020-08-12 13:14:05,243 - INFO - Now parsing read pairs...
2020-08-12 13:14:12,428 - INFO - Reads parsed so far: 500000
2020-08-12 13:14:18,717 - INFO - Reads parsed so far: 1000000
2020-08-12 13:14:25,218 - INFO - Reads parsed so far: 1500000
2020-08-12 13:14:31,835 - INFO - Reads parsed so far: 2000000
2020-08-12 13:14:37,497 - INFO - Reads parsed so far: 2500000
2020-08-12 13:14:44,252 - INFO - Reads parsed so far: 3000000
2020-08-12 13:14:50,003 - INFO - Reads parsed so far: 3500000
2020-08-12 13:14:55,856 - INFO - Reads parsed so far: 4000000
2020-08-12 13:15:01,542 - INFO - Reads parsed so far: 4500000
2020-08-12 13:15:07,187 - INFO - Reads parsed so far: 5000000
2020-08-12 13:15:13,252 - INFO - Reads parsed so far: 5500000
2020-08-12 13:15:14,467 - INFO - Parsed 5600090 reads, found 1399696 unique barcodes.
2020-08-12 13:15:14,479 - INFO - Summary stats on reads:
   total  fail filter  low Q barcode
 5600090            0         391309
2020-08-12 13:15:14,480 - INFO - Writing these stats to results/codoncounts/mut-virus-rep2e-5724-Wk26-d77_readstats.csv

2020-08-12 13:15:14,898 - INFO - Number of reads per barcode:
                 number of barcodes
number of reads                    
1                            291386
2                            193922
3                            227704
4                            217389
5                            177098
6                            124497
7                             79089
8                             44595
9                             23275
10                            11346
11                             5153
12                             2325
13                             1062
14                              454
15                              220
16                              103
17                               38
18                               24
19                                7
20                                3
21                                5
24                                1
2020-08-12 13:15:14,898 - INFO - Writing these stats to results/codoncounts/mut-virus-rep2e-5724-Wk26-d77_readsperbc.csv

2020-08-12 13:15:14,906 - INFO - Examining the 1399696 barcodes to build and align subamplicons...
2020-08-12 13:15:32,818 - INFO - Barcodes examined so far: 200000
2020-08-12 13:15:50,130 - INFO - Barcodes examined so far: 400000
2020-08-12 13:16:07,198 - INFO - Barcodes examined so far: 600000
2020-08-12 13:16:23,702 - INFO - Barcodes examined so far: 800000
2020-08-12 13:16:39,749 - INFO - Barcodes examined so far: 1000000
2020-08-12 13:16:54,305 - INFO - Barcodes examined so far: 1200000
2020-08-12 13:17:02,628 - INFO - Examined all barcodes. Summary stats:
   total  too few reads  not alignable  aligned
 1399696         291386          87493  1020817
2020-08-12 13:17:02,628 - INFO - Writing these stats to results/codoncounts/mut-virus-rep2e-5724-Wk26-d77_bcstats.csv

2020-08-12 13:17:02,655 - INFO - Writing the counts of each codon identity at each site to results/codoncounts/mut-virus-rep2e-5724-Wk26-d77_codoncounts.csv

2020-08-12 13:17:02,711 - INFO - Successful completion of dms2_bcsubamp
