2020-08-12 13:16:49,939 - INFO - Beginning execution of dms2_bcsubamp in directory /fh/fast/bloom_j/computational_notebooks/adingens/2019/Vacc_Rabbit_Sera_MAP/FinalAnalysis/Vacc_Rabbit_Sera_MAP

2020-08-12 13:16:49,940 - INFO - Progress is being logged to results/codoncounts/mut-virus-rep3e.log
2020-08-12 13:16:49,943 - INFO - Version information:
	Time and date: Wed Aug 12 13:16:49 2020
	Platform: Linux-4.15.0-101-generic-x86_64-with-debian-buster-sid
	Python version: 3.6.7 | packaged by conda-forge | (default, Jul  2 2019, 02:18:42)  [GCC 7.3.0]
	dms_tools2 version: 2.6.6
	Bio version: 1.74
	pandas version: 0.25.3
	numpy version: 1.17.0
	IPython version: 7.12.0
	jupyter version unknown
	matplotlib version: 3.2.1
	plotnine version: 0.6.0
	natsort version: 6.0.0
	pystan version: 2.19.0.0
	scipy version: 1.4.1
	seaborn version: 0.9.0
	phydmslib version: 2.3.8
	statsmodels version: 0.10.1
	rpy2 version: 3.1.0
	regex version: 2.5.64
	umi_tools version: 1.0.0

2020-08-12 13:16:49,943 - INFO - Parsed the following arguments:
	outdir = results/codoncounts
	ncpus = -1
	use_existing = yes
	refseq = data/BG505.W6.C2.T332N_env.fasta
	alignspecs = ['87,375,39,36', '376,666,36,39', '663,954,33,41', '955,1228,33,37', '1228,1527,34,35', '1527,1815,32,39', '1816,2098,36,41']
	bclen = 8
	fastqdir = results/FASTQ_files
	R2 = None
	R1trim = [200]
	R2trim = [170]
	bclen2 = None
	chartype = codon
	maxmuts = 4
	minq = 15
	minreads = 2
	minfraccall = 0.95
	minconcur = 0.75
	sitemask = None
	purgeread = 0.0
	purgebc = 0.0
	bcinfo = True
	bcinfo_csv = True
	name = mut-virus-rep3e
	R1 = ['mut-virus-rep3e_R1.fastq.gz']

2020-08-12 13:16:49,960 - INFO - Read refseq of 2583 codons from data/BG505.W6.C2.T332N_env.fasta
2020-08-12 13:16:49,961 - INFO - Reads are in these FASTQ pairs:
	results/FASTQ_files/mut-virus-rep3e_R1.fastq.gz and results/FASTQ_files/mut-virus-rep3e_R2.fastq.gz

2020-08-12 13:16:49,961 - INFO - Now parsing read pairs...
2020-08-12 13:16:56,588 - INFO - Reads parsed so far: 500000
2020-08-12 13:17:02,924 - INFO - Reads parsed so far: 1000000
2020-08-12 13:17:08,902 - INFO - Reads parsed so far: 1500000
2020-08-12 13:17:15,327 - INFO - Reads parsed so far: 2000000
2020-08-12 13:17:21,745 - INFO - Reads parsed so far: 2500000
2020-08-12 13:17:27,578 - INFO - Reads parsed so far: 3000000
2020-08-12 13:17:33,505 - INFO - Reads parsed so far: 3500000
2020-08-12 13:17:40,301 - INFO - Reads parsed so far: 4000000
2020-08-12 13:17:46,055 - INFO - Reads parsed so far: 4500000
2020-08-12 13:17:49,736 - INFO - Parsed 4826683 reads, found 1621143 unique barcodes.
2020-08-12 13:17:49,743 - INFO - Summary stats on reads:
   total  fail filter  low Q barcode
 4826683            0         482293
2020-08-12 13:17:49,743 - INFO - Writing these stats to results/codoncounts/mut-virus-rep3e_readstats.csv

2020-08-12 13:17:50,148 - INFO - Number of reads per barcode:
                 number of barcodes
number of reads                    
1                            618192
2                            324942
3                            241276
4                            168347
5                            111144
6                             69243
7                             41015
8                             23222
9                             12342
10                             6072
11                             2890
12                             1317
13                              664
14                              273
15                              130
16                               43
17                               19
18                                6
19                                3
20                                2
27                                1
2020-08-12 13:17:50,148 - INFO - Writing these stats to results/codoncounts/mut-virus-rep3e_readsperbc.csv

2020-08-12 13:17:50,153 - INFO - Examining the 1621143 barcodes to build and align subamplicons...
2020-08-12 13:18:05,938 - INFO - Barcodes examined so far: 200000
2020-08-12 13:18:21,595 - INFO - Barcodes examined so far: 400000
2020-08-12 13:18:37,113 - INFO - Barcodes examined so far: 600000
2020-08-12 13:18:51,422 - INFO - Barcodes examined so far: 800000
2020-08-12 13:19:04,537 - INFO - Barcodes examined so far: 1000000
2020-08-12 13:19:16,525 - INFO - Barcodes examined so far: 1200000
2020-08-12 13:19:26,007 - INFO - Barcodes examined so far: 1400000
2020-08-12 13:19:31,205 - INFO - Barcodes examined so far: 1600000
2020-08-12 13:19:31,638 - INFO - Examined all barcodes. Summary stats:
   total  too few reads  not alignable  aligned
 1621143         618192          96609   906342
2020-08-12 13:19:31,638 - INFO - Writing these stats to results/codoncounts/mut-virus-rep3e_bcstats.csv

2020-08-12 13:19:31,680 - INFO - Writing the counts of each codon identity at each site to results/codoncounts/mut-virus-rep3e_codoncounts.csv

2020-08-12 13:19:31,778 - INFO - Successful completion of dms2_bcsubamp
