2020-08-12 15:51:49,718 - INFO - Beginning execution of dms2_batch_bcsubamp in directory /fh/fast/bloom_j/computational_notebooks/adingens/2019/Vacc_Rabbit_Sera_MAP/FinalAnalysis/Vacc_Rabbit_Sera_MAP

2020-08-12 15:51:49,718 - INFO - Progress is being logged to results/codoncounts/summary.log
2020-08-12 15:51:49,742 - INFO - Version information:
	Time and date: Wed Aug 12 15:51:49 2020
	Platform: Linux-4.15.0-101-generic-x86_64-with-debian-buster-sid
	Python version: 3.6.7 | packaged by conda-forge | (default, Jul  2 2019, 02:18:42)  [GCC 7.3.0]
	dms_tools2 version: 2.6.6
	Bio version: 1.74
	pandas version: 0.25.3
	numpy version: 1.17.0
	IPython version: 7.12.0
	jupyter version unknown
	matplotlib version: 3.2.1
	plotnine version: 0.6.0
	natsort version: 6.0.0
	pystan version: 2.19.0.0
	scipy version: 1.4.1
	seaborn version: 0.9.0
	phydmslib version: 2.3.8
	statsmodels version: 0.10.1
	rpy2 version: 3.1.0
	regex version: 2.5.64
	umi_tools version: 1.0.0

2020-08-12 15:51:49,742 - INFO - Parsed the following arguments:
	outdir = results/codoncounts
	ncpus = 16
	use_existing = yes
	refseq = data/BG505.W6.C2.T332N_env.fasta
	alignspecs = ['87,375,39,36', '376,666,36,39', '663,954,33,41', '955,1228,33,37', '1228,1527,34,35', '1527,1815,32,39', '1816,2098,36,41']
	bclen = 8
	fastqdir = results/FASTQ_files
	R2 = None
	R1trim = [200]
	R2trim = [170]
	bclen2 = None
	chartype = codon
	maxmuts = 4
	minq = 15
	minreads = 2
	minfraccall = 0.95
	minconcur = 0.75
	sitemask = None
	purgeread = 0
	purgebc = 0
	bcinfo = False
	bcinfo_csv = False
	batchfile = results/codoncounts/batch.csv
	summaryprefix = summary

2020-08-12 15:51:49,743 - INFO - Parsing sample info from results/codoncounts/batch.csv
2020-08-12 15:51:49,750 - INFO - Read the following sample information:
name,R1
wt-DNA-rep1,wt-DNA-rep1_R1.fastq.gz
wt-DNA-rep2,wt-DNA-rep2_R1.fastq.gz
wt-DNA-rep3,wt-DNA-rep3_R1.fastq.gz
mut-DNA-rep1,mut-DNA-rep1_R1.fastq.gz
mut-DNA-rep2,mut-DNA-rep2_R1.fastq.gz
mut-DNA-rep3,mut-DNA-rep3_R1.fastq.gz
mut-virus-rep2e,mut-virus-rep2e_R1.fastq.gz
mut-virus-rep2e-2124-Wk0-d10,mut-virus-rep2e-2124-Wk0-d10_R1.fastq.gz
mut-virus-rep2e-2124-Wk0-d30,mut-virus-rep2e-2124-Wk0-d30_R1.fastq.gz
mut-virus-rep2e-2124-Wk22-d10,mut-virus-rep2e-2124-Wk22-d10_R1.fastq.gz
mut-virus-rep2e-2124-Wk22-d30,mut-virus-rep2e-2124-Wk22-d30_R1.fastq.gz
mut-virus-rep2e-2214-Wk0-d10,mut-virus-rep2e-2214-Wk0-d10_R1.fastq.gz
mut-virus-rep2e-2214-Wk43-d10,mut-virus-rep2e-2214-Wk43-d10_R1.fastq.gz
mut-virus-rep2e-2423-Wk0-d10,mut-virus-rep2e-2423-Wk0-d10_R1.fastq.gz
mut-virus-rep2e-2423-Wk18-d10,mut-virus-rep2e-2423-Wk18-d10_R1.fastq.gz
mut-virus-rep2e-2423-Wk18-d30,mut-virus-rep2e-2423-Wk18-d30_R1.fastq.gz
mut-virus-rep2e-2425-Wk0-d30,mut-virus-rep2e-2425-Wk0-d30_R1.fastq.gz
mut-virus-rep2e-2425-Wk18-d30,mut-virus-rep2e-2425-Wk18-d30_R1.fastq.gz
mut-virus-rep2e-5724-Wk0-d30,mut-virus-rep2e-5724-Wk0-d30_R1.fastq.gz
mut-virus-rep2e-5724-Wk26-d10,mut-virus-rep2e-5724-Wk26-d10_R1.fastq.gz
mut-virus-rep2e-5724-Wk26-d30,mut-virus-rep2e-5724-Wk26-d30_R1.fastq.gz
mut-virus-rep2e-5724-Wk26-d77,mut-virus-rep2e-5724-Wk26-d77_R1.fastq.gz
mut-virus-rep2e-5727-Wk0-d10,mut-virus-rep2e-5727-Wk0-d10_R1.fastq.gz
mut-virus-rep2e-5727-Wk26-d10,mut-virus-rep2e-5727-Wk26-d10_R1.fastq.gz
mut-virus-rep3e-2124-Wk22-d3-75,mut-virus-rep3e-2124-Wk22-d3-75_R1.fastq.gz
mut-virus-rep3e-2214-Wk43-d3-75,mut-virus-rep3e-2214-Wk43-d3-75_R1.fastq.gz
mut-virus-rep3e-2214-Wk43-d5,mut-virus-rep3e-2214-Wk43-d5_R1.fastq.gz
mut-virus-rep3e-2423-Wk18-d5,mut-virus-rep3e-2423-Wk18-d5_R1.fastq.gz
mut-virus-rep3e-2425-Wk18-d20,mut-virus-rep3e-2425-Wk18-d20_R1.fastq.gz
mut-virus-rep3e-5724-Wk26-d30,mut-virus-rep3e-5724-Wk26-d30_R1.fastq.gz
mut-virus-rep3e-5727-Wk26-d3-75,mut-virus-rep3e-5727-Wk26-d3-75_R1.fastq.gz
mut-virus-rep3e,mut-virus-rep3e_R1.fastq.gz
mut-virus-rep1v2a-5724-Wk26-d20,mut-virus-rep1v2a-5724-Wk26-d20_R1.fastq.gz
mut-virus-rep1v2a-5727-Wk26-d4,mut-virus-rep1v2a-5727-Wk26-d4_R1.fastq.gz
mut-virus-rep1v2a-2124-Wk22-d5,mut-virus-rep1v2a-2124-Wk22-d5_R1.fastq.gz
mut-virus-rep1v2a-2124-Wk22-d7-5,mut-virus-rep1v2a-2124-Wk22-d7-5_R1.fastq.gz
mut-virus-rep1v2a-2214-Wk43-d2-5,mut-virus-rep1v2a-2214-Wk43-d2-5_R1.fastq.gz
mut-virus-rep1v2a-2214-Wk43-d4,mut-virus-rep1v2a-2214-Wk43-d4_R1.fastq.gz
mut-virus-rep1v2a-2214-Wk43-d6,mut-virus-rep1v2a-2214-Wk43-d6_R1.fastq.gz
mut-virus-rep1v2a-2423-Wk18-d2-5,mut-virus-rep1v2a-2423-Wk18-d2-5_R1.fastq.gz
mut-virus-rep1v2a-2423-Wk18-d3-75,mut-virus-rep1v2a-2423-Wk18-d3-75_R1.fastq.gz
mut-virus-rep1v2a-2425-Wk18-d30,mut-virus-rep1v2a-2425-Wk18-d30_R1.fastq.gz
mut-virus-rep1v2a,mut-virus-rep1v2a_R1.fastq.gz


2020-08-12 15:51:50,070 - INFO - Output files already exist and '--use_existing' is 'yes', so exiting with no further action.
