2020-08-12 13:11:10,389 - INFO - Beginning execution of dms2_bcsubamp in directory /fh/fast/bloom_j/computational_notebooks/adingens/2019/Vacc_Rabbit_Sera_MAP/FinalAnalysis/Vacc_Rabbit_Sera_MAP

2020-08-12 13:11:10,389 - INFO - Progress is being logged to results/codoncounts/wt-DNA-rep1.log
2020-08-12 13:11:10,392 - INFO - Version information:
	Time and date: Wed Aug 12 13:11:10 2020
	Platform: Linux-4.15.0-101-generic-x86_64-with-debian-buster-sid
	Python version: 3.6.7 | packaged by conda-forge | (default, Jul  2 2019, 02:18:42)  [GCC 7.3.0]
	dms_tools2 version: 2.6.6
	Bio version: 1.74
	pandas version: 0.25.3
	numpy version: 1.17.0
	IPython version: 7.12.0
	jupyter version unknown
	matplotlib version: 3.2.1
	plotnine version: 0.6.0
	natsort version: 6.0.0
	pystan version: 2.19.0.0
	scipy version: 1.4.1
	seaborn version: 0.9.0
	phydmslib version: 2.3.8
	statsmodels version: 0.10.1
	rpy2 version: 3.1.0
	regex version: 2.5.64
	umi_tools version: 1.0.0

2020-08-12 13:11:10,392 - INFO - Parsed the following arguments:
	outdir = results/codoncounts
	ncpus = -1
	use_existing = yes
	refseq = data/BG505.W6.C2.T332N_env.fasta
	alignspecs = ['87,375,39,36', '376,666,36,39', '663,954,33,41', '955,1228,33,37', '1228,1527,34,35', '1527,1815,32,39', '1816,2098,36,41']
	bclen = 8
	fastqdir = results/FASTQ_files
	R2 = None
	R1trim = [200]
	R2trim = [170]
	bclen2 = None
	chartype = codon
	maxmuts = 4
	minq = 15
	minreads = 2
	minfraccall = 0.95
	minconcur = 0.75
	sitemask = None
	purgeread = 0.0
	purgebc = 0.0
	bcinfo = True
	bcinfo_csv = True
	name = wt-DNA-rep1
	R1 = ['wt-DNA-rep1_R1.fastq.gz']

2020-08-12 13:11:10,411 - INFO - Read refseq of 2583 codons from data/BG505.W6.C2.T332N_env.fasta
2020-08-12 13:11:10,412 - INFO - Reads are in these FASTQ pairs:
	results/FASTQ_files/wt-DNA-rep1_R1.fastq.gz and results/FASTQ_files/wt-DNA-rep1_R2.fastq.gz

2020-08-12 13:11:10,412 - INFO - Now parsing read pairs...
2020-08-12 13:11:17,603 - INFO - Reads parsed so far: 500000
2020-08-12 13:11:24,506 - INFO - Reads parsed so far: 1000000
2020-08-12 13:11:31,181 - INFO - Reads parsed so far: 1500000
2020-08-12 13:11:38,237 - INFO - Reads parsed so far: 2000000
2020-08-12 13:11:44,802 - INFO - Reads parsed so far: 2500000
2020-08-12 13:11:50,317 - INFO - Reads parsed so far: 3000000
2020-08-12 13:11:57,522 - INFO - Reads parsed so far: 3500000
2020-08-12 13:12:05,333 - INFO - Reads parsed so far: 4000000
2020-08-12 13:12:11,051 - INFO - Reads parsed so far: 4500000
2020-08-12 13:12:16,670 - INFO - Reads parsed so far: 5000000
2020-08-12 13:12:24,389 - INFO - Reads parsed so far: 5500000
2020-08-12 13:12:30,277 - INFO - Reads parsed so far: 6000000
2020-08-12 13:12:35,884 - INFO - Reads parsed so far: 6500000
2020-08-12 13:12:44,433 - INFO - Reads parsed so far: 7000000
2020-08-12 13:12:50,376 - INFO - Reads parsed so far: 7500000
2020-08-12 13:12:56,084 - INFO - Reads parsed so far: 8000000
2020-08-12 13:13:02,147 - INFO - Reads parsed so far: 8500000
2020-08-12 13:13:08,044 - INFO - Reads parsed so far: 9000000
2020-08-12 13:13:14,267 - INFO - Reads parsed so far: 9500000
2020-08-12 13:13:23,576 - INFO - Reads parsed so far: 10000000
2020-08-12 13:13:29,995 - INFO - Reads parsed so far: 10500000
2020-08-12 13:13:35,902 - INFO - Reads parsed so far: 11000000
2020-08-12 13:13:42,059 - INFO - Reads parsed so far: 11500000
2020-08-12 13:13:47,886 - INFO - Reads parsed so far: 12000000
2020-08-12 13:13:53,592 - INFO - Reads parsed so far: 12500000
2020-08-12 13:13:59,475 - INFO - Reads parsed so far: 13000000
2020-08-12 13:14:05,304 - INFO - Reads parsed so far: 13500000
2020-08-12 13:14:16,500 - INFO - Reads parsed so far: 14000000
2020-08-12 13:14:22,217 - INFO - Reads parsed so far: 14500000
2020-08-12 13:14:28,586 - INFO - Reads parsed so far: 15000000
2020-08-12 13:14:34,329 - INFO - Reads parsed so far: 15500000
2020-08-12 13:14:39,990 - INFO - Reads parsed so far: 16000000
2020-08-12 13:14:45,678 - INFO - Reads parsed so far: 16500000
2020-08-12 13:14:51,395 - INFO - Reads parsed so far: 17000000
2020-08-12 13:14:57,485 - INFO - Reads parsed so far: 17500000
2020-08-12 13:15:03,173 - INFO - Reads parsed so far: 18000000
2020-08-12 13:15:09,004 - INFO - Reads parsed so far: 18500000
2020-08-12 13:15:14,964 - INFO - Reads parsed so far: 19000000
2020-08-12 13:15:20,794 - INFO - Reads parsed so far: 19500000
2020-08-12 13:15:33,247 - INFO - Reads parsed so far: 20000000
2020-08-12 13:15:34,955 - INFO - Parsed 20148353 reads, found 9169534 unique barcodes.
2020-08-12 13:15:34,960 - INFO - Summary stats on reads:
    total  fail filter  low Q barcode
 20148353            0        2192947
2020-08-12 13:15:34,960 - INFO - Writing these stats to results/codoncounts/wt-DNA-rep1_readstats.csv

2020-08-12 13:15:37,141 - INFO - Number of reads per barcode:
                 number of barcodes
number of reads                    
1                           5101580
2                           1627533
3                           1156418
4                            685904
5                            348041
6                            154697
7                             61752
8                             22508
9                              7550
10                             2426
11                              771
12                              250
13                               71
14                               25
15                                3
16                                1
17                                1
18                                2
97                                1
2020-08-12 13:15:37,141 - INFO - Writing these stats to results/codoncounts/wt-DNA-rep1_readsperbc.csv

2020-08-12 13:15:37,148 - INFO - Examining the 9169534 barcodes to build and align subamplicons...
2020-08-12 13:15:50,819 - INFO - Barcodes examined so far: 200000
2020-08-12 13:16:04,503 - INFO - Barcodes examined so far: 400000
2020-08-12 13:16:18,117 - INFO - Barcodes examined so far: 600000
2020-08-12 13:16:31,589 - INFO - Barcodes examined so far: 800000
2020-08-12 13:16:44,943 - INFO - Barcodes examined so far: 1000000
2020-08-12 13:16:58,163 - INFO - Barcodes examined so far: 1200000
2020-08-12 13:17:11,229 - INFO - Barcodes examined so far: 1400000
2020-08-12 13:17:24,019 - INFO - Barcodes examined so far: 1600000
2020-08-12 13:17:36,594 - INFO - Barcodes examined so far: 1800000
2020-08-12 13:17:48,977 - INFO - Barcodes examined so far: 2000000
2020-08-12 13:18:01,475 - INFO - Barcodes examined so far: 2200000
2020-08-12 13:18:14,012 - INFO - Barcodes examined so far: 2400000
2020-08-12 13:18:26,207 - INFO - Barcodes examined so far: 2600000
2020-08-12 13:18:38,544 - INFO - Barcodes examined so far: 2800000
2020-08-12 13:18:50,427 - INFO - Barcodes examined so far: 3000000
2020-08-12 13:19:02,104 - INFO - Barcodes examined so far: 3200000
2020-08-12 13:19:14,643 - INFO - Barcodes examined so far: 3400000
2020-08-12 13:19:26,339 - INFO - Barcodes examined so far: 3600000
2020-08-12 13:19:39,581 - INFO - Barcodes examined so far: 3800000
2020-08-12 13:19:51,329 - INFO - Barcodes examined so far: 4000000
2020-08-12 13:20:02,927 - INFO - Barcodes examined so far: 4200000
2020-08-12 13:20:13,761 - INFO - Barcodes examined so far: 4400000
2020-08-12 13:20:24,315 - INFO - Barcodes examined so far: 4600000
2020-08-12 13:20:34,090 - INFO - Barcodes examined so far: 4800000
2020-08-12 13:20:43,644 - INFO - Barcodes examined so far: 5000000
2020-08-12 13:20:52,911 - INFO - Barcodes examined so far: 5200000
2020-08-12 13:21:01,854 - INFO - Barcodes examined so far: 5400000
2020-08-12 13:21:10,574 - INFO - Barcodes examined so far: 5600000
2020-08-12 13:21:18,901 - INFO - Barcodes examined so far: 5800000
2020-08-12 13:21:26,801 - INFO - Barcodes examined so far: 6000000
2020-08-12 13:21:34,526 - INFO - Barcodes examined so far: 6200000
2020-08-12 13:21:42,117 - INFO - Barcodes examined so far: 6400000
2020-08-12 13:21:49,449 - INFO - Barcodes examined so far: 6600000
2020-08-12 13:21:56,213 - INFO - Barcodes examined so far: 6800000
2020-08-12 13:22:02,602 - INFO - Barcodes examined so far: 7000000
2020-08-12 13:22:08,636 - INFO - Barcodes examined so far: 7200000
2020-08-12 13:22:14,478 - INFO - Barcodes examined so far: 7400000
2020-08-12 13:22:19,720 - INFO - Barcodes examined so far: 7600000
2020-08-12 13:22:24,574 - INFO - Barcodes examined so far: 7800000
2020-08-12 13:22:29,281 - INFO - Barcodes examined so far: 8000000
2020-08-12 13:22:33,598 - INFO - Barcodes examined so far: 8200000
2020-08-12 13:22:37,421 - INFO - Barcodes examined so far: 8400000
2020-08-12 13:22:40,810 - INFO - Barcodes examined so far: 8600000
2020-08-12 13:22:43,820 - INFO - Barcodes examined so far: 8800000
2020-08-12 13:22:46,384 - INFO - Barcodes examined so far: 9000000
2020-08-12 13:22:48,219 - INFO - Examined all barcodes. Summary stats:
   total  too few reads  not alignable  aligned
 9169534        5101580        1406738  2661216
2020-08-12 13:22:48,219 - INFO - Writing these stats to results/codoncounts/wt-DNA-rep1_bcstats.csv

2020-08-12 13:22:48,254 - INFO - Writing the counts of each codon identity at each site to results/codoncounts/wt-DNA-rep1_codoncounts.csv

2020-08-12 13:22:48,298 - INFO - Successful completion of dms2_bcsubamp
