2020-08-12 15:34:25,946 - INFO - Beginning execution of dms2_logoplot in directory /fh/fast/bloom_j/computational_notebooks/adingens/2019/Vacc_Rabbit_Sera_MAP/FinalAnalysis/Vacc_Rabbit_Sera_MAP

2020-08-12 15:34:25,946 - INFO - Progress is being logged to ./results/diffsel/2214-Wk0-rep2e-d10.log
2020-08-12 15:34:25,952 - INFO - Version information:
	Time and date: Wed Aug 12 15:34:25 2020
	Platform: Linux-3.13.0-143-generic-x86_64-with-debian-jessie-sid
	Python version: 3.6.7 | packaged by conda-forge | (default, Jul  2 2019, 02:18:42)  [GCC 7.3.0]
	dms_tools2 version: 2.6.6
	Bio version: 1.74
	pandas version: 0.25.3
	numpy version: 1.17.0
	IPython version: 7.12.0
	jupyter version unknown
	matplotlib version: 3.2.1
	plotnine version: 0.6.0
	natsort version: 6.0.0
	pystan version: 2.19.0.0
	scipy version: 1.4.1
	seaborn version: 0.9.0
	phydmslib version: 2.3.8
	statsmodels version: 0.10.1
	rpy2 version: 3.1.0
	regex version: 2.5.64
	umi_tools version: 1.0.0

2020-08-12 15:34:25,953 - INFO - Parsed the following arguments:
	outdir = ./results/diffsel/
	ncpus = -1
	use_existing = yes
	prefs = None
	diffsel = ./results/diffsel/2214-Wk0-rep2e-d10_mutdiffsel.csv
	fracsurvive = None
	diffprefs = None
	muteffects = None
	name = 2214-Wk0-rep2e-d10
	nperline = 84
	numberevery = 10
	excludestop = no
	stringency = 1
	restrictdiffsel = positive
	diffselrange = None
	muteffectrange = None
	fracsurvivemax = None
	sortsites = yes
	mapmetric = functionalgroup
	colormap = jet
	overlay1 = ['./results/diffsel/2214-Wk0-rep2e-d10_mutdiffsel.csv', 'wildtype', 'wildtype']
	overlay2 = None
	overlay3 = None
	underlay = yes
	scalebar = ['2', 'differential selection = 2']
	overlaycolormap = jet
	letterheight = 1
	ignore_extracols = no
	sepline = no

2020-08-12 15:34:25,954 - INFO - Reading diffsel from file ./results/diffsel/2214-Wk0-rep2e-d10_mutdiffsel.csv...
2020-08-12 15:34:25,973 - INFO - Read data for 670 sites.

2020-08-12 15:34:26,043 - INFO - Reading overlay for wildtype from ./results/diffsel/2214-Wk0-rep2e-d10_mutdiffsel.csv...
2020-08-12 15:34:26,063 - INFO - Read overlay for 670 sites.

2020-08-12 15:34:26,063 - INFO - Making logo plot ./results/diffsel/2214-Wk0-rep2e-d10_diffsel.pdf...
2020-08-12 15:34:38,307 - INFO - Successfully created logo plot.

2020-08-12 15:34:38,308 - INFO - Successful completion of dms2_logoplot
